
running 1 test
casimir poly {[2]: 1776, []: -12096, [2, 2]: -76, [2, 2, 2]: 1}
Casimir of [6,0,0] with C2 is 48
[0, 0, 0, 0, 0, 0, 0, 0, 6]: L112 : 1 * L111        : (64)C<0,0,2>^1.C<0,2,0>^1.C<2,0,0>^1
[0, 0, 0, 0, 0, 0, 0, 0, 5]: L201 : L112 + L200     : (256)C<0,0,2>^1.C<0,2,0>^1.C<2,0,0>^1
[0, 0, 0, 0, 0, 0, 0, 0, 4]: L268 : L201 + L267     : (-768)C<0,0,2>^1.C<0,2,0>^1.C<2,0,0>^1
[0, 0, 0, 0, 0, 0, 0, 0, 3]: L316 : L268 + L315     : (-3136)C<0,0,2>^1.C<0,2,0>^1.C<2,0,0>^1
[0, 0, 0, 0, 0, 0, 0, 0, 2]: L348 : L316 + L347     : (2752)C<0,0,2>^1.C<0,2,0>^1.C<2,0,0>^1
[0, 0, 0, 0, 0, 0, 0, 0, 1]: L367 : L348 + L366     : (9856)C<0,0,2>^1.C<0,2,0>^1.C<2,0,0>^1
[0, 0, 0, 0, 0, 1, 0, 1, 4]: L838 : L367 + L837     : (10048)C<0,0,2>^1.C<0,2,0>^1.C<2,0,0>^1 + (96)C<0,1,1>^2.C<2,0,0>^1
[0, 0, 0, 0, 0, 1, 0, 1, 3]: L1162: L838 + L1161    : (10624)C<0,0,2>^1.C<0,2,0>^1.C<2,0,0>^1 + (384)C<0,1,1>^2.C<2,0,0>^1
[0, 0, 0, 0, 0, 1, 0, 1, 2]: L1366: L1162 + L1365   : (8832)C<0,0,2>^1.C<0,2,0>^1.C<2,0,0>^1 + (-512)C<0,1,1>^2.C<2,0,0>^1
[0, 0, 0, 0, 0, 1, 0, 1, 1]: L1477: L1366 + L1476   : (5504)C<0,0,2>^1.C<0,2,0>^1.C<2,0,0>^1 + (-2176)C<0,1,1>^2.C<2,0,0>^1
[0, 0, 0, 0, 0, 1, 0, 1, 0]: L1522: L1477 + L1521   : (11456)C<0,0,2>^1.C<0,2,0>^1.C<2,0,0>^1 + (800)C<0,1,1>^2.C<2,0,0>^1
[0, 0, 0, 0, 0, 2, 0, 2, 2]: L2254: L1522 + L2253   : (11840)C<0,0,2>^1.C<0,2,0>^1.C<2,0,0>^1 + (992)C<0,1,1>^2.C<2,0,0>^1
[0, 0, 0, 0, 0, 2, 0, 2, 1]: L2638: L2254 + L2637   : (12608)C<0,0,2>^1.C<0,2,0>^1.C<2,0,0>^1 + (1376)C<0,1,1>^2.C<2,0,0>^1
[0, 0, 0, 0, 0, 2, 0, 2, 0]: L2782: L2638 + L2781   : (10688)C<0,0,2>^1.C<0,2,0>^1.C<2,0,0>^1 + (416)C<0,1,1>^2.C<2,0,0>^1
[0, 0, 0, 0, 0, 3, 0, 3, 0]: L3132: L2782 + L3131   : (10688)C<0,0,2>^1.C<0,2,0>^1.C<2,0,0>^1 + (416)C<0,1,1>^2.C<2,0,0>^1
[0, 0, 0, 0, 1, 1, 0, 1, 2]: L3696: L3132 + L3695   : (10496)C<0,0,2>^1.C<0,2,0>^1.C<2,0,0>^1 + (320)C<0,1,1>^2.C<2,0,0>^1
[0, 0, 0, 0, 1, 1, 0, 1, 1]: L3995: L3696 + L3994   : (10176)C<0,0,2>^1.C<0,2,0>^1.C<2,0,0>^1 + (160)C<0,1,1>^2.C<2,0,0>^1
[0, 0, 0, 0, 1, 1, 0, 1, 0]: L4110: L3995 + L4109   : (11264)C<0,0,2>^1.C<0,2,0>^1.C<2,0,0>^1 + (704)C<0,1,1>^2.C<2,0,0>^1
[0, 0, 0, 0, 1, 2, 0, 2, 0]: L4502: L4110 + L4501   : (10880)C<0,0,2>^1.C<0,2,0>^1.C<2,0,0>^1 + (512)C<0,1,1>^2.C<2,0,0>^1
[0, 0, 0, 0, 2, 0, 0, 0, 4]: L4818: L4502 + L4817   : (11072)C<0,0,2>^1.C<0,2,0>^1.C<2,0,0>^1 + (512)C<0,1,1>^2.C<2,0,0>^1
[0, 0, 0, 0, 2, 0, 0, 0, 3]: L5036: L4818 + L5035   : (11456)C<0,0,2>^1.C<0,2,0>^1.C<2,0,0>^1 + (512)C<0,1,1>^2.C<2,0,0>^1
[0, 0, 0, 0, 2, 0, 0, 0, 2]: L5174: L5036 + L5173   : (9216)C<0,0,2>^1.C<0,2,0>^1.C<2,0,0>^1 + (512)C<0,1,1>^2.C<2,0,0>^1
[0, 0, 0, 0, 2, 0, 0, 0, 1]: L5250: L5174 + L5249   : (6784)C<0,0,2>^1.C<0,2,0>^1.C<2,0,0>^1 + (512)C<0,1,1>^2.C<2,0,0>^1
[0, 0, 0, 0, 2, 1, 0, 1, 2]: L6336: L5250 + L6335   : (7168)C<0,0,2>^1.C<0,2,0>^1.C<2,0,0>^1 + (704)C<0,1,1>^2.C<2,0,0>^1
[0, 0, 0, 0, 2, 1, 0, 1, 1]: L6904: L6336 + L6903   : (7744)C<0,0,2>^1.C<0,2,0>^1.C<2,0,0>^1 + (992)C<0,1,1>^2.C<2,0,0>^1
[0, 0, 0, 0, 2, 1, 0, 1, 0]: L7116: L6904 + L7115   : (5568)C<0,0,2>^1.C<0,2,0>^1.C<2,0,0>^1 + (-96)C<0,1,1>^2.C<2,0,0>^1
[0, 0, 0, 0, 2, 2, 0, 2, 0]: L7864: L7116 + L7863   : (5952)C<0,0,2>^1.C<0,2,0>^1.C<2,0,0>^1 + (96)C<0,1,1>^2.C<2,0,0>^1
[0, 0, 0, 0, 3, 1, 0, 1, 0]: L8200: L7864 + L8199   : (5760)C<0,0,2>^1.C<0,2,0>^1.C<2,0,0>^1
[0, 0, 0, 0, 4, 0, 0, 0, 2]: L8516: L8200 + L8515   : (5952)C<0,0,2>^1.C<0,2,0>^1.C<2,0,0>^1
[0, 0, 0, 0, 4, 0, 0, 0, 1]: L8685: L8516 + L8684   : (6144)C<0,0,2>^1.C<0,2,0>^1.C<2,0,0>^1
[0, 0, 0, 0, 4, 1, 0, 1, 0]: L9172: L8685 + L9171   : (6336)C<0,0,2>^1.C<0,2,0>^1.C<2,0,0>^1 + (96)C<0,1,1>^2.C<2,0,0>^1
[0, 0, 0, 0, 6, 0, 0, 0, 0]: L9286: L9172 + L9285   : (6400)C<0,0,2>^1.C<0,2,0>^1.C<2,0,0>^1 + (96)C<0,1,1>^2.C<2,0,0>^1
[0, 0, 0, 0, 4, 0, 0, 0, 0]: L9353: L9286 + L9352   : (5184)C<0,0,2>^1.C<0,2,0>^1.C<2,0,0>^1 + (96)C<0,1,1>^2.C<2,0,0>^1
[0, 0, 0, 0, 2, 0, 0, 0, 0]: L9385: L9353 + L9384   : (12288)C<0,0,2>^1.C<0,2,0>^1.C<2,0,0>^1 + (96)C<0,1,1>^2.C<2,0,0>^1
[0, 0, 1, 0, 0, 0, 1, 0, 4]: L9856: L9385 + L9855   : (12480)C<0,0,2>^1.C<0,2,0>^1.C<2,0,0>^1 + (96)C<0,1,1>^2.C<2,0,0>^1 + (96)C<0,2,0>^1.C<1,0,1>^2
[0, 0, 1, 0, 0, 0, 1, 0, 3]: L10180: L9856 + L10179  : (13056)C<0,0,2>^1.C<0,2,0>^1.C<2,0,0>^1 + (96)C<0,1,1>^2.C<2,0,0>^1 + (384)C<0,2,0>^1.C<1,0,1>^2
[0, 0, 1, 0, 0, 0, 1, 0, 2]: L10384: L10180 + L10383 : (11360)C<0,0,2>^1.C<0,2,0>^1.C<2,0,0>^1 + (96)C<0,1,1>^2.C<2,0,0>^1 + (-464)C<0,2,0>^1.C<1,0,1>^2
[0, 0, 1, 0, 0, 0, 1, 0, 1]: L10495: L10384 + L10494 : (8192)C<0,0,2>^1.C<0,2,0>^1.C<2,0,0>^1 + (96)C<0,1,1>^2.C<2,0,0>^1 + (-2048)C<0,2,0>^1.C<1,0,1>^2
[0, 0, 1, 0, 0, 0, 1, 0, 0]: L10540: L10495 + L10539 : (13616)C<0,0,2>^1.C<0,2,0>^1.C<2,0,0>^1 + (96)C<0,1,1>^2.C<2,0,0>^1 + (664)C<0,2,0>^1.C<1,0,1>^2
[0, 0, 1, 0, 0, 1, 1, 1, 2]: L12132: L10540 + L12131 : (14000)C<0,0,2>^1.C<0,2,0>^1.C<2,0,0>^1 + (96)C<0,0,2>^1.C<1,1,0>^2 + (288)C<0,1,1>^1.C<1,0,1>^1.C<1,1,0>^1 + (288)C<0,1,1>^2.C<2,0,0>^1 + (856)C<0,2,0>^1.C<1,0,1>^2
[0, 0, 1, 0, 0, 1, 1, 1, 1]: L12955: L12132 + L12954 : (14768)C<0,0,2>^1.C<0,2,0>^1.C<2,0,0>^1 + (288)C<0,0,2>^1.C<1,1,0>^2 + (864)C<0,1,1>^1.C<1,0,1>^1.C<1,1,0>^1 + (672)C<0,1,1>^2.C<2,0,0>^1 + (1240)C<0,2,0>^1.C<1,0,1>^2
[0, 0, 1, 0, 0, 1, 1, 1, 0]: L13252: L12955 + L13251 : (12848)C<0,0,2>^1.C<0,2,0>^1.C<2,0,0>^1 + (-192)C<0,0,2>^1.C<1,1,0>^2 + (-576)C<0,1,1>^1.C<1,0,1>^1.C<1,1,0>^1 + (-288)C<0,1,1>^2.C<2,0,0>^1 + (280)C<0,2,0>^1.C<1,0,1>^2
[0, 0, 1, 0, 0, 2, 1, 2, 0]: L14330: L13252 + L14329 : (13232)C<0,0,2>^1.C<0,2,0>^1.C<2,0,0>^1 + (-192)C<0,1,1>^1.C<1,0,1>^1.C<1,1,0>^1 + (-96)C<0,1,1>^2.C<2,0,0>^1 + (472)C<0,2,0>^1.C<1,0,1>^2
[0, 0, 1, 0, 1, 1, 1, 1, 0]: L15159: L14330 + L15158 : (13040)C<0,0,2>^1.C<0,2,0>^1.C<2,0,0>^1 + (-48)C<0,0,2>^1.C<1,1,0>^2 + (-336)C<0,1,1>^1.C<1,0,1>^1.C<1,1,0>^1 + (-192)C<0,1,1>^2.C<2,0,0>^1 + (376)C<0,2,0>^1.C<1,0,1>^2
[0, 0, 1, 0, 2, 0, 1, 0, 2]: L16225: L15159 + L16224 : (13424)C<0,0,2>^1.C<0,2,0>^1.C<2,0,0>^1 + (-48)C<0,0,2>^1.C<1,1,0>^2 + (-336)C<0,1,1>^1.C<1,0,1>^1.C<1,1,0>^1 + (-192)C<0,1,1>^2.C<2,0,0>^1 + (568)C<0,2,0>^1.C<1,0,1>^2
[0, 0, 1, 0, 2, 0, 1, 0, 1]: L16777: L16225 + L16776 : (14000)C<0,0,2>^1.C<0,2,0>^1.C<2,0,0>^1 + (-48)C<0,0,2>^1.C<1,1,0>^2 + (-336)C<0,1,1>^1.C<1,0,1>^1.C<1,1,0>^1 + (-192)C<0,1,1>^2.C<2,0,0>^1 + (856)C<0,2,0>^1.C<1,0,1>^2
[0, 0, 1, 0, 2, 0, 1, 0, 0]: L16977: L16777 + L16976 : (11856)C<0,0,2>^1.C<0,2,0>^1.C<2,0,0>^1 + (-48)C<0,0,2>^1.C<1,1,0>^2 + (-336)C<0,1,1>^1.C<1,0,1>^1.C<1,1,0>^1 + (-192)C<0,1,1>^2.C<2,0,0>^1 + (-216)C<0,2,0>^1.C<1,0,1>^2
[0, 0, 1, 0, 2, 1, 1, 1, 0]: L18581: L16977 + L18580 : (12240)C<0,0,2>^1.C<0,2,0>^1.C<2,0,0>^1 + (48)C<0,0,2>^1.C<1,1,0>^2 + (-48)C<0,1,1>^1.C<1,0,1>^1.C<1,1,0>^1 + (-24)C<0,2,0>^1.C<1,0,1>^2
[0, 0, 1, 0, 4, 0, 1, 0, 0]: L19044: L18581 + L19043 : (12432)C<0,0,2>^1.C<0,2,0>^1.C<2,0,0>^1 + (48)C<0,0,2>^1.C<1,1,0>^2 + (-48)C<0,1,1>^1.C<1,0,1>^1.C<1,1,0>^1 + (72)C<0,2,0>^1.C<1,0,1>^2
[0, 0, 1, 1, 0, 0, 0, 1, 2]: L19598: L19044 + L19597 : (12432)C<0,0,2>^1.C<0,2,0>^1.C<2,0,0>^1 + (-96)C<0,1,1>^1.C<1,0,1>^1.C<1,1,0>^1 + (72)C<0,2,0>^1.C<1,0,1>^2
[0, 0, 1, 1, 0, 0, 0, 1, 1]: L19889: L19598 + L19888 : (12432)C<0,0,2>^1.C<0,2,0>^1.C<2,0,0>^1 + (-80)C<0,0,2>^1.C<1,1,0>^2 + (-176)C<0,1,1>^1.C<1,0,1>^1.C<1,1,0>^1 + (72)C<0,2,0>^1.C<1,0,1>^2
[0, 0, 1, 1, 0, 0, 0, 1, 0]: L19998: L19889 + L19997 : (12432)C<0,0,2>^1.C<0,2,0>^1.C<2,0,0>^1 + (180)C<0,0,2>^1.C<1,1,0>^2 + (84)C<0,1,1>^1.C<1,0,1>^1.C<1,1,0>^1 + (72)C<0,2,0>^1.C<1,0,1>^2
[0, 0, 1, 1, 0, 1, 0, 2, 0]: L20558: L19998 + L20557 : (12432)C<0,0,2>^1.C<0,2,0>^1.C<2,0,0>^1 + (84)C<0,0,2>^1.C<1,1,0>^2 + (-12)C<0,1,1>^1.C<1,0,1>^1.C<1,1,0>^1 + (72)C<0,2,0>^1.C<1,0,1>^2
[0, 0, 1, 1, 1, 0, 0, 1, 0]: L20851: L20558 + L20850 : (12432)C<0,0,2>^1.C<0,2,0>^1.C<2,0,0>^1 + (68)C<0,0,2>^1.C<1,1,0>^2 + (-28)C<0,1,1>^1.C<1,0,1>^1.C<1,1,0>^1 + (72)C<0,2,0>^1.C<1,0,1>^2
[0, 0, 1, 1, 2, 0, 0, 1, 0]: L21409: L20851 + L21408 : (12432)C<0,0,2>^1.C<0,2,0>^1.C<2,0,0>^1 + (56)C<0,0,2>^1.C<1,1,0>^2 + (-40)C<0,1,1>^1.C<1,0,1>^1.C<1,1,0>^1 + (72)C<0,2,0>^1.C<1,0,1>^2
[0, 0, 2, 0, 0, 0, 2, 0, 2]: L22141: L21409 + L22140 : (12816)C<0,0,2>^1.C<0,2,0>^1.C<2,0,0>^1 + (56)C<0,0,2>^1.C<1,1,0>^2 + (-40)C<0,1,1>^1.C<1,0,1>^1.C<1,1,0>^1 + (264)C<0,2,0>^1.C<1,0,1>^2
[0, 0, 2, 0, 0, 0, 2, 0, 1]: L22525: L22141 + L22524 : (13584)C<0,0,2>^1.C<0,2,0>^1.C<2,0,0>^1 + (56)C<0,0,2>^1.C<1,1,0>^2 + (-40)C<0,1,1>^1.C<1,0,1>^1.C<1,1,0>^1 + (648)C<0,2,0>^1.C<1,0,1>^2
[0, 0, 2, 0, 0, 0, 2, 0, 0]: L22669: L22525 + L22668 : (11856)C<0,0,2>^1.C<0,2,0>^1.C<2,0,0>^1 + (56)C<0,0,2>^1.C<1,1,0>^2 + (-40)C<0,1,1>^1.C<1,0,1>^1.C<1,1,0>^1 + (-216)C<0,2,0>^1.C<1,0,1>^2
[0, 0, 2, 0, 0, 1, 2, 1, 0]: L23747: L22669 + L23746 : (12240)C<0,0,2>^1.C<0,2,0>^1.C<2,0,0>^1 + (248)C<0,0,2>^1.C<1,1,0>^2 + (344)C<0,1,1>^1.C<1,0,1>^1.C<1,1,0>^1 + (192)C<0,1,1>^2.C<2,0,0>^1 + (-24)C<0,2,0>^1.C<1,0,1>^2
[0, 0, 2, 0, 2, 0, 2, 0, 0]: L24471: L23747 + L24470 : (12624)C<0,0,2>^1.C<0,2,0>^1.C<2,0,0>^1 + (248)C<0,0,2>^1.C<1,1,0>^2 + (344)C<0,1,1>^1.C<1,0,1>^1.C<1,1,0>^1 + (192)C<0,1,1>^2.C<2,0,0>^1 + (168)C<0,2,0>^1.C<1,0,1>^2
[0, 0, 2, 1, 0, 0, 1, 1, 0]: L25027: L24471 + L25026 : (12624)C<0,0,2>^1.C<0,2,0>^1.C<2,0,0>^1 + (200)C<0,0,2>^1.C<1,1,0>^2 + (248)C<0,1,1>^1.C<1,0,1>^1.C<1,1,0>^1 + (144)C<0,1,1>^2.C<2,0,0>^1 + (168)C<0,2,0>^1.C<1,0,1>^2
[0, 0, 3, 0, 0, 0, 3, 0, 0]: L25377: L25027 + L25376 : (12624)C<0,0,2>^1.C<0,2,0>^1.C<2,0,0>^1 + (200)C<0,0,2>^1.C<1,1,0>^2 + (248)C<0,1,1>^1.C<1,0,1>^1.C<1,1,0>^1 + (144)C<0,1,1>^2.C<2,0,0>^1 + (168)C<0,2,0>^1.C<1,0,1>^2
[0, 1, 0, 0, 0, 1, 1, 0, 2]: L25939: L25377 + L25938 : (12720)C<0,0,2>^1.C<0,2,0>^1.C<2,0,0>^1 + (248)C<0,0,2>^1.C<1,1,0>^2 + (296)C<0,1,1>^1.C<1,0,1>^1.C<1,1,0>^1 + (144)C<0,1,1>^2.C<2,0,0>^1 + (216)C<0,2,0>^1.C<1,0,1>^2
[0, 1, 0, 0, 0, 1, 1, 0, 1]: L26236: L25939 + L26235 : (12848)C<0,0,2>^1.C<0,2,0>^1.C<2,0,0>^1 + (312)C<0,0,2>^1.C<1,1,0>^2 + (360)C<0,1,1>^1.C<1,0,1>^1.C<1,1,0>^1 + (144)C<0,1,1>^2.C<2,0,0>^1 + (280)C<0,2,0>^1.C<1,0,1>^2
[0, 1, 0, 0, 0, 1, 1, 0, 0]: L26349: L26236 + L26348 : (12328)C<0,0,2>^1.C<0,2,0>^1.C<2,0,0>^1 + (52)C<0,0,2>^1.C<1,1,0>^2 + (100)C<0,1,1>^1.C<1,0,1>^1.C<1,1,0>^1 + (144)C<0,1,1>^2.C<2,0,0>^1 + (20)C<0,2,0>^1.C<1,0,1>^2
[0, 1, 0, 0, 0, 2, 1, 1, 0]: L26911: L26349 + L26910 : (12520)C<0,0,2>^1.C<0,2,0>^1.C<2,0,0>^1 + (148)C<0,0,2>^1.C<1,1,0>^2 + (340)C<0,1,1>^1.C<1,0,1>^1.C<1,1,0>^1 + (240)C<0,1,1>^2.C<2,0,0>^1 + (164)C<0,2,0>^1.C<1,0,1>^2
[0, 1, 0, 0, 1, 1, 1, 0, 0]: L27214: L26911 + L27213 : (12424)C<0,0,2>^1.C<0,2,0>^1.C<2,0,0>^1 + (100)C<0,0,2>^1.C<1,1,0>^2 + (292)C<0,1,1>^1.C<1,0,1>^1.C<1,1,0>^1 + (240)C<0,1,1>^2.C<2,0,0>^1 + (116)C<0,2,0>^1.C<1,0,1>^2
[0, 1, 0, 0, 2, 1, 1, 0, 0]: L27788: L27214 + L27787 : (12640)C<0,0,2>^1.C<0,2,0>^1.C<2,0,0>^1 + (208)C<0,0,2>^1.C<1,1,0>^2 + (400)C<0,1,1>^1.C<1,0,1>^1.C<1,1,0>^1 + (240)C<0,1,1>^2.C<2,0,0>^1 + (224)C<0,2,0>^1.C<1,0,1>^2
[0, 1, 0, 1, 0, 0, 0, 0, 4]: L28251: L27788 + L28250 : (12832)C<0,0,2>^1.C<0,2,0>^1.C<2,0,0>^1 + (304)C<0,0,2>^1.C<1,1,0>^2 + (400)C<0,1,1>^1.C<1,0,1>^1.C<1,1,0>^1 + (240)C<0,1,1>^2.C<2,0,0>^1 + (224)C<0,2,0>^1.C<1,0,1>^2
[0, 1, 0, 1, 0, 0, 0, 0, 3]: L28569: L28251 + L28568 : (13216)C<0,0,2>^1.C<0,2,0>^1.C<2,0,0>^1 + (496)C<0,0,2>^1.C<1,1,0>^2 + (400)C<0,1,1>^1.C<1,0,1>^1.C<1,1,0>^1 + (240)C<0,1,1>^2.C<2,0,0>^1 + (224)C<0,2,0>^1.C<1,0,1>^2
[0, 1, 0, 1, 0, 0, 0, 0, 2]: L28769: L28569 + L28768 : (11168)C<0,0,2>^1.C<0,2,0>^1.C<2,0,0>^1 + (-528)C<0,0,2>^1.C<1,1,0>^2 + (400)C<0,1,1>^1.C<1,0,1>^1.C<1,1,0>^1 + (240)C<0,1,1>^2.C<2,0,0>^1 + (224)C<0,2,0>^1.C<1,0,1>^2
[0, 1, 0, 1, 0, 0, 0, 0, 1]: L28878: L28769 + L28877 : (8928)C<0,0,2>^1.C<0,2,0>^1.C<2,0,0>^1 + (-1648)C<0,0,2>^1.C<1,1,0>^2 + (400)C<0,1,1>^1.C<1,0,1>^1.C<1,1,0>^1 + (240)C<0,1,1>^2.C<2,0,0>^1 + (224)C<0,2,0>^1.C<1,0,1>^2
[0, 1, 0, 1, 0, 1, 0, 1, 2]: L30466: L28878 + L30465 : (9312)C<0,0,2>^1.C<0,2,0>^1.C<2,0,0>^1 + (-1456)C<0,0,2>^1.C<1,1,0>^2 + (592)C<0,1,1>^1.C<1,0,1>^1.C<1,1,0>^1 + (432)C<0,1,1>^2.C<2,0,0>^1 + (224)C<0,2,0>^1.C<1,0,1>^2
[0, 1, 0, 1, 0, 1, 0, 1, 1]: L31287: L30466 + L31286 : (9888)C<0,0,2>^1.C<0,2,0>^1.C<2,0,0>^1 + (-1168)C<0,0,2>^1.C<1,1,0>^2 + (880)C<0,1,1>^1.C<1,0,1>^1.C<1,1,0>^1 + (720)C<0,1,1>^2.C<2,0,0>^1 + (224)C<0,2,0>^1.C<1,0,1>^2
[0, 1, 0, 1, 0, 1, 0, 1, 0]: L31584: L31287 + L31583 : (7776)C<0,0,2>^1.C<0,2,0>^1.C<2,0,0>^1 + (-2224)C<0,0,2>^1.C<1,1,0>^2 + (-176)C<0,1,1>^1.C<1,0,1>^1.C<1,1,0>^1 + (-336)C<0,1,1>^2.C<2,0,0>^1 + (224)C<0,2,0>^1.C<1,0,1>^2
[0, 1, 0, 1, 0, 2, 0, 2, 0]: L32664: L31584 + L32663 : (8160)C<0,0,2>^1.C<0,2,0>^1.C<2,0,0>^1 + (-2032)C<0,0,2>^1.C<1,1,0>^2 + (16)C<0,1,1>^1.C<1,0,1>^1.C<1,1,0>^1 + (-144)C<0,1,1>^2.C<2,0,0>^1 + (224)C<0,2,0>^1.C<1,0,1>^2
[0, 1, 0, 1, 1, 0, 0, 0, 2]: L33216: L32664 + L33215 : (8352)C<0,0,2>^1.C<0,2,0>^1.C<2,0,0>^1 + (-1936)C<0,0,2>^1.C<1,1,0>^2 + (16)C<0,1,1>^1.C<1,0,1>^1.C<1,1,0>^1 + (-144)C<0,1,1>^2.C<2,0,0>^1 + (224)C<0,2,0>^1.C<1,0,1>^2
[0, 1, 0, 1, 1, 0, 0, 0, 1]: L33507: L33216 + L33506 : (8544)C<0,0,2>^1.C<0,2,0>^1.C<2,0,0>^1 + (-1840)C<0,0,2>^1.C<1,1,0>^2 + (16)C<0,1,1>^1.C<1,0,1>^1.C<1,1,0>^1 + (-144)C<0,1,1>^2.C<2,0,0>^1 + (224)C<0,2,0>^1.C<1,0,1>^2
[0, 1, 0, 1, 2, 0, 0, 0, 2]: L34573: L33507 + L34572 : (8928)C<0,0,2>^1.C<0,2,0>^1.C<2,0,0>^1 + (-1648)C<0,0,2>^1.C<1,1,0>^2 + (16)C<0,1,1>^1.C<1,0,1>^1.C<1,1,0>^1 + (-144)C<0,1,1>^2.C<2,0,0>^1 + (224)C<0,2,0>^1.C<1,0,1>^2
[0, 1, 0, 1, 2, 0, 0, 0, 1]: L35127: L34573 + L35126 : (9312)C<0,0,2>^1.C<0,2,0>^1.C<2,0,0>^1 + (-1456)C<0,0,2>^1.C<1,1,0>^2 + (16)C<0,1,1>^1.C<1,0,1>^1.C<1,1,0>^1 + (-144)C<0,1,1>^2.C<2,0,0>^1 + (224)C<0,2,0>^1.C<1,0,1>^2
[0, 1, 0, 1, 2, 1, 0, 1, 0]: L36735: L35127 + L36734 : (9696)C<0,0,2>^1.C<0,2,0>^1.C<2,0,0>^1 + (-1264)C<0,0,2>^1.C<1,1,0>^2 + (208)C<0,1,1>^1.C<1,0,1>^1.C<1,1,0>^1 + (48)C<0,1,1>^2.C<2,0,0>^1 + (224)C<0,2,0>^1.C<1,0,1>^2
[0, 1, 0, 1, 4, 0, 0, 0, 0]: L37206: L36735 + L37205 : (9888)C<0,0,2>^1.C<0,2,0>^1.C<2,0,0>^1 + (-1168)C<0,0,2>^1.C<1,1,0>^2 + (208)C<0,1,1>^1.C<1,0,1>^1.C<1,1,0>^1 + (48)C<0,1,1>^2.C<2,0,0>^1 + (224)C<0,2,0>^1.C<1,0,1>^2
[0, 1, 0, 1, 3, 0, 0, 0, 0]: L37530: L37206 + L37529 : (10080)C<0,0,2>^1.C<0,2,0>^1.C<2,0,0>^1 + (-1072)C<0,0,2>^1.C<1,1,0>^2 + (208)C<0,1,1>^1.C<1,0,1>^1.C<1,1,0>^1 + (48)C<0,1,1>^2.C<2,0,0>^1 + (224)C<0,2,0>^1.C<1,0,1>^2
[0, 1, 0, 1, 2, 0, 0, 0, 0]: L37734: L37530 + L37733 : (7904)C<0,0,2>^1.C<0,2,0>^1.C<2,0,0>^1 + (-2160)C<0,0,2>^1.C<1,1,0>^2 + (208)C<0,1,1>^1.C<1,0,1>^1.C<1,1,0>^1 + (48)C<0,1,1>^2.C<2,0,0>^1 + (224)C<0,2,0>^1.C<1,0,1>^2
[0, 1, 0, 1, 1, 0, 0, 0, 0]: L37845: L37734 + L37844 : (6816)C<0,0,2>^1.C<0,2,0>^1.C<2,0,0>^1 + (-2704)C<0,0,2>^1.C<1,1,0>^2 + (208)C<0,1,1>^1.C<1,0,1>^1.C<1,1,0>^1 + (48)C<0,1,1>^2.C<2,0,0>^1 + (224)C<0,2,0>^1.C<1,0,1>^2
[0, 1, 0, 1, 0, 0, 0, 0, 0]: L37890: L37845 + L37889 : (12768)C<0,0,2>^1.C<0,2,0>^1.C<2,0,0>^1 + (272)C<0,0,2>^1.C<1,1,0>^2 + (208)C<0,1,1>^1.C<1,0,1>^1.C<1,1,0>^1 + (48)C<0,1,1>^2.C<2,0,0>^1 + (224)C<0,2,0>^1.C<1,0,1>^2
[0, 1, 1, 0, 0, 1, 2, 0, 0]: L38460: L37890 + L38459 : (12960)C<0,0,2>^1.C<0,2,0>^1.C<2,0,0>^1 + (368)C<0,0,2>^1.C<1,1,0>^2 + (304)C<0,1,1>^1.C<1,0,1>^1.C<1,1,0>^1 + (48)C<0,1,1>^2.C<2,0,0>^1 + (320)C<0,2,0>^1.C<1,0,1>^2
[0, 1, 1, 1, 0, 0, 1, 0, 2]: L40046: L38460 + L40045 : (13152)C<0,0,2>^1.C<0,2,0>^1.C<2,0,0>^1 + (464)C<0,0,2>^1.C<1,1,0>^2 + (400)C<0,1,1>^1.C<1,0,1>^1.C<1,1,0>^1 + (48)C<0,1,1>^2.C<2,0,0>^1 + (416)C<0,2,0>^1.C<1,0,1>^2
[0, 1, 1, 1, 0, 0, 1, 0, 1]: L40867: L40046 + L40866 : (13440)C<0,0,2>^1.C<0,2,0>^1.C<2,0,0>^1 + (608)C<0,0,2>^1.C<1,1,0>^2 + (544)C<0,1,1>^1.C<1,0,1>^1.C<1,1,0>^1 + (48)C<0,1,1>^2.C<2,0,0>^1 + (560)C<0,2,0>^1.C<1,0,1>^2
[0, 1, 1, 1, 0, 0, 1, 0, 0]: L41166: L40867 + L41165 : (12480)C<0,0,2>^1.C<0,2,0>^1.C<2,0,0>^1 + (128)C<0,0,2>^1.C<1,1,0>^2 + (64)C<0,1,1>^1.C<1,0,1>^1.C<1,1,0>^1 + (48)C<0,1,1>^2.C<2,0,0>^1 + (80)C<0,2,0>^1.C<1,0,1>^2
[0, 1, 1, 1, 0, 1, 1, 1, 0]: L43533: L41166 + L43532 : (12864)C<0,0,2>^1.C<0,2,0>^1.C<2,0,0>^1 + (320)C<0,0,2>^1.C<1,1,0>^2 + (544)C<0,1,1>^1.C<1,0,1>^1.C<1,1,0>^1 + (336)C<0,1,1>^2.C<2,0,0>^1 + (272)C<0,2,0>^1.C<1,0,1>^2
[0, 1, 1, 1, 1, 0, 1, 0, 0]: L44354: L43533 + L44353 : (12960)C<0,0,2>^1.C<0,2,0>^1.C<2,0,0>^1 + (368)C<0,0,2>^1.C<1,1,0>^2 + (592)C<0,1,1>^1.C<1,0,1>^1.C<1,1,0>^1 + (336)C<0,1,1>^2.C<2,0,0>^1 + (320)C<0,2,0>^1.C<1,0,1>^2
[0, 1, 1, 1, 2, 0, 1, 0, 0]: L45940: L44354 + L45939 : (13152)C<0,0,2>^1.C<0,2,0>^1.C<2,0,0>^1 + (464)C<0,0,2>^1.C<1,1,0>^2 + (688)C<0,1,1>^1.C<1,0,1>^1.C<1,1,0>^1 + (336)C<0,1,1>^2.C<2,0,0>^1 + (416)C<0,2,0>^1.C<1,0,1>^2
[0, 1, 1, 2, 0, 0, 0, 1, 0]: L46498: L45940 + L46497 : (13056)C<0,0,2>^1.C<0,2,0>^1.C<2,0,0>^1 + (416)C<0,0,2>^1.C<1,1,0>^2 + (640)C<0,1,1>^1.C<1,0,1>^1.C<1,1,0>^1 + (336)C<0,1,1>^2.C<2,0,0>^1 + (368)C<0,2,0>^1.C<1,0,1>^2
[0, 1, 2, 1, 0, 0, 2, 0, 0]: L47574: L46498 + L47573 : (13056)C<0,0,2>^1.C<0,2,0>^1.C<2,0,0>^1 + (416)C<0,0,2>^1.C<1,1,0>^2 + (640)C<0,1,1>^1.C<1,0,1>^1.C<1,1,0>^1 + (336)C<0,1,1>^2.C<2,0,0>^1 + (368)C<0,2,0>^1.C<1,0,1>^2
[0, 2, 0, 1, 0, 1, 1, 0, 0]: L48140: L47574 + L48139 : (13248)C<0,0,2>^1.C<0,2,0>^1.C<2,0,0>^1 + (512)C<0,0,2>^1.C<1,1,0>^2 + (736)C<0,1,1>^1.C<1,0,1>^1.C<1,1,0>^1 + (384)C<0,1,1>^2.C<2,0,0>^1 + (416)C<0,2,0>^1.C<1,0,1>^2
[0, 2, 0, 2, 0, 0, 0, 0, 2]: L48864: L48140 + L48863 : (13632)C<0,0,2>^1.C<0,2,0>^1.C<2,0,0>^1 + (704)C<0,0,2>^1.C<1,1,0>^2 + (736)C<0,1,1>^1.C<1,0,1>^1.C<1,1,0>^1 + (384)C<0,1,1>^2.C<2,0,0>^1 + (416)C<0,2,0>^1.C<1,0,1>^2
[0, 2, 0, 2, 0, 0, 0, 0, 1]: L49244: L48864 + L49243 : (14016)C<0,0,2>^1.C<0,2,0>^1.C<2,0,0>^1 + (896)C<0,0,2>^1.C<1,1,0>^2 + (736)C<0,1,1>^1.C<1,0,1>^1.C<1,1,0>^1 + (384)C<0,1,1>^2.C<2,0,0>^1 + (416)C<0,2,0>^1.C<1,0,1>^2
[0, 2, 0, 2, 0, 1, 0, 1, 0]: L50320: L49244 + L50319 : (14400)C<0,0,2>^1.C<0,2,0>^1.C<2,0,0>^1 + (1088)C<0,0,2>^1.C<1,1,0>^2 + (928)C<0,1,1>^1.C<1,0,1>^1.C<1,1,0>^1 + (480)C<0,1,1>^2.C<2,0,0>^1 + (512)C<0,2,0>^1.C<1,0,1>^2
[0, 2, 0, 2, 2, 0, 0, 0, 0]: L51052: L50320 + L51051 : (14784)C<0,0,2>^1.C<0,2,0>^1.C<2,0,0>^1 + (1280)C<0,0,2>^1.C<1,1,0>^2 + (928)C<0,1,1>^1.C<1,0,1>^1.C<1,1,0>^1 + (480)C<0,1,1>^2.C<2,0,0>^1 + (512)C<0,2,0>^1.C<1,0,1>^2
[0, 2, 0, 2, 1, 0, 0, 0, 0]: L51436: L51052 + L51435 : (15168)C<0,0,2>^1.C<0,2,0>^1.C<2,0,0>^1 + (1472)C<0,0,2>^1.C<1,1,0>^2 + (928)C<0,1,1>^1.C<1,0,1>^1.C<1,1,0>^1 + (480)C<0,1,1>^2.C<2,0,0>^1 + (512)C<0,2,0>^1.C<1,0,1>^2
[0, 2, 0, 2, 0, 0, 0, 0, 0]: L51580: L51436 + L51579 : (13248)C<0,0,2>^1.C<0,2,0>^1.C<2,0,0>^1 + (512)C<0,0,2>^1.C<1,1,0>^2 + (928)C<0,1,1>^1.C<1,0,1>^1.C<1,1,0>^1 + (480)C<0,1,1>^2.C<2,0,0>^1 + (512)C<0,2,0>^1.C<1,0,1>^2
[0, 2, 1, 2, 0, 0, 1, 0, 0]: L52656: L51580 + L52655 : (13248)C<0,0,2>^1.C<0,2,0>^1.C<2,0,0>^1 + (512)C<0,0,2>^1.C<1,1,0>^2 + (928)C<0,1,1>^1.C<1,0,1>^1.C<1,1,0>^1 + (480)C<0,1,1>^2.C<2,0,0>^1 + (512)C<0,2,0>^1.C<1,0,1>^2
[0, 3, 0, 3, 0, 0, 0, 0, 0]: L53006: L52656 + L53005 : (13248)C<0,0,2>^1.C<0,2,0>^1.C<2,0,0>^1 + (512)C<0,0,2>^1.C<1,1,0>^2 + (928)C<0,1,1>^1.C<1,0,1>^1.C<1,1,0>^1 + (480)C<0,1,1>^2.C<2,0,0>^1 + (512)C<0,2,0>^1.C<1,0,1>^2
[1, 0, 0, 0, 0, 0, 0, 0, 4]: L53175: L53006 + L53174 : (13056)C<0,0,2>^1.C<0,2,0>^1.C<2,0,0>^1 + (512)C<0,0,2>^1.C<1,1,0>^2 + (928)C<0,1,1>^1.C<1,0,1>^1.C<1,1,0>^1 + (480)C<0,1,1>^2.C<2,0,0>^1 + (512)C<0,2,0>^1.C<1,0,1>^2
[1, 0, 0, 0, 0, 0, 0, 0, 3]: L53293: L53175 + L53292 : (12672)C<0,0,2>^1.C<0,2,0>^1.C<2,0,0>^1 + (512)C<0,0,2>^1.C<1,1,0>^2 + (928)C<0,1,1>^1.C<1,0,1>^1.C<1,1,0>^1 + (480)C<0,1,1>^2.C<2,0,0>^1 + (512)C<0,2,0>^1.C<1,0,1>^2
[1, 0, 0, 0, 0, 0, 0, 0, 2]: L53369: L53293 + L53368 : (14912)C<0,0,2>^1.C<0,2,0>^1.C<2,0,0>^1 + (512)C<0,0,2>^1.C<1,1,0>^2 + (928)C<0,1,1>^1.C<1,0,1>^1.C<1,1,0>^1 + (480)C<0,1,1>^2.C<2,0,0>^1 + (512)C<0,2,0>^1.C<1,0,1>^2
[1, 0, 0, 0, 0, 0, 0, 0, 1]: L53412: L53369 + L53411 : (17344)C<0,0,2>^1.C<0,2,0>^1.C<2,0,0>^1 + (512)C<0,0,2>^1.C<1,1,0>^2 + (928)C<0,1,1>^1.C<1,0,1>^1.C<1,1,0>^1 + (480)C<0,1,1>^2.C<2,0,0>^1 + (512)C<0,2,0>^1.C<1,0,1>^2
[1, 0, 0, 0, 0, 1, 0, 1, 2]: L53966: L53412 + L53965 : (16960)C<0,0,2>^1.C<0,2,0>^1.C<2,0,0>^1 + (512)C<0,0,2>^1.C<1,1,0>^2 + (928)C<0,1,1>^1.C<1,0,1>^1.C<1,1,0>^1 + (288)C<0,1,1>^2.C<2,0,0>^1 + (512)C<0,2,0>^1.C<1,0,1>^2
[1, 0, 0, 0, 0, 1, 0, 1, 1]: L54257: L53966 + L54256 : (16384)C<0,0,2>^1.C<0,2,0>^1.C<2,0,0>^1 + (512)C<0,0,2>^1.C<1,1,0>^2 + (928)C<0,1,1>^1.C<1,0,1>^1.C<1,1,0>^1 + (512)C<0,2,0>^1.C<1,0,1>^2
[1, 0, 0, 0, 0, 1, 0, 1, 0]: L54366: L54257 + L54365 : (18624)C<0,0,2>^1.C<0,2,0>^1.C<2,0,0>^1 + (512)C<0,0,2>^1.C<1,1,0>^2 + (928)C<0,1,1>^1.C<1,0,1>^1.C<1,1,0>^1 + (1120)C<0,1,1>^2.C<2,0,0>^1 + (512)C<0,2,0>^1.C<1,0,1>^2
[1, 0, 0, 0, 0, 2, 0, 2, 0]: L54746: L54366 + L54745 : (18240)C<0,0,2>^1.C<0,2,0>^1.C<2,0,0>^1 + (512)C<0,0,2>^1.C<1,1,0>^2 + (928)C<0,1,1>^1.C<1,0,1>^1.C<1,1,0>^1 + (928)C<0,1,1>^2.C<2,0,0>^1 + (512)C<0,2,0>^1.C<1,0,1>^2
[1, 0, 0, 0, 1, 1, 0, 1, 0]: L55041: L54746 + L55040 : (18432)C<0,0,2>^1.C<0,2,0>^1.C<2,0,0>^1 + (512)C<0,0,2>^1.C<1,1,0>^2 + (928)C<0,1,1>^1.C<1,0,1>^1.C<1,1,0>^1 + (1024)C<0,1,1>^2.C<2,0,0>^1 + (512)C<0,2,0>^1.C<1,0,1>^2
[1, 0, 0, 0, 2, 0, 0, 0, 2]: L55415: L55041 + L55414 : (18048)C<0,0,2>^1.C<0,2,0>^1.C<2,0,0>^1 + (512)C<0,0,2>^1.C<1,1,0>^2 + (928)C<0,1,1>^1.C<1,0,1>^1.C<1,1,0>^1 + (1024)C<0,1,1>^2.C<2,0,0>^1 + (512)C<0,2,0>^1.C<1,0,1>^2
[1, 0, 0, 0, 2, 0, 0, 0, 1]: L55613: L55415 + L55612 : (17664)C<0,0,2>^1.C<0,2,0>^1.C<2,0,0>^1 + (512)C<0,0,2>^1.C<1,1,0>^2 + (928)C<0,1,1>^1.C<1,0,1>^1.C<1,1,0>^1 + (1024)C<0,1,1>^2.C<2,0,0>^1 + (512)C<0,2,0>^1.C<1,0,1>^2
[1, 0, 0, 0, 2, 1, 0, 1, 0]: L56175: L55613 + L56174 : (17280)C<0,0,2>^1.C<0,2,0>^1.C<2,0,0>^1 + (512)C<0,0,2>^1.C<1,1,0>^2 + (928)C<0,1,1>^1.C<1,0,1>^1.C<1,1,0>^1 + (832)C<0,1,1>^2.C<2,0,0>^1 + (512)C<0,2,0>^1.C<1,0,1>^2
[1, 0, 0, 0, 4, 0, 0, 0, 0]: L56344: L56175 + L56343 : (17088)C<0,0,2>^1.C<0,2,0>^1.C<2,0,0>^1 + (512)C<0,0,2>^1.C<1,1,0>^2 + (928)C<0,1,1>^1.C<1,0,1>^1.C<1,1,0>^1 + (832)C<0,1,1>^2.C<2,0,0>^1 + (512)C<0,2,0>^1.C<1,0,1>^2
[1, 0, 0, 0, 2, 0, 0, 0, 0]: L56420: L56344 + L56419 : (19520)C<0,0,2>^1.C<0,2,0>^1.C<2,0,0>^1 + (512)C<0,0,2>^1.C<1,1,0>^2 + (928)C<0,1,1>^1.C<1,0,1>^1.C<1,1,0>^1 + (832)C<0,1,1>^2.C<2,0,0>^1 + (512)C<0,2,0>^1.C<1,0,1>^2
[1, 0, 1, 0, 0, 0, 1, 0, 2]: L56984: L56420 + L56983 : (18944)C<0,0,2>^1.C<0,2,0>^1.C<2,0,0>^1 + (512)C<0,0,2>^1.C<1,1,0>^2 + (928)C<0,1,1>^1.C<1,0,1>^1.C<1,1,0>^1 + (832)C<0,1,1>^2.C<2,0,0>^1 + (224)C<0,2,0>^1.C<1,0,1>^2
[1, 0, 1, 0, 0, 0, 1, 0, 1]: L57283: L56984 + L57282 : (18048)C<0,0,2>^1.C<0,2,0>^1.C<2,0,0>^1 + (512)C<0,0,2>^1.C<1,1,0>^2 + (928)C<0,1,1>^1.C<1,0,1>^1.C<1,1,0>^1 + (832)C<0,1,1>^2.C<2,0,0>^1 + (-224)C<0,2,0>^1.C<1,0,1>^2
[1, 0, 1, 0, 0, 0, 1, 0, 0]: L57398: L57283 + L57397 : (21216)C<0,0,2>^1.C<0,2,0>^1.C<2,0,0>^1 + (512)C<0,0,2>^1.C<1,1,0>^2 + (928)C<0,1,1>^1.C<1,0,1>^1.C<1,1,0>^1 + (832)C<0,1,1>^2.C<2,0,0>^1 + (1360)C<0,2,0>^1.C<1,0,1>^2
[1, 0, 1, 0, 0, 1, 1, 1, 0]: L58227: L57398 + L58226 : (20640)C<0,0,2>^1.C<0,2,0>^1.C<2,0,0>^1 + (368)C<0,0,2>^1.C<1,1,0>^2 + (496)C<0,1,1>^1.C<1,0,1>^1.C<1,1,0>^1 + (544)C<0,1,1>^2.C<2,0,0>^1 + (1072)C<0,2,0>^1.C<1,0,1>^2
[1, 0, 1, 0, 2, 0, 1, 0, 0]: L58783: L58227 + L58782 : (20064)C<0,0,2>^1.C<0,2,0>^1.C<2,0,0>^1 + (368)C<0,0,2>^1.C<1,1,0>^2 + (496)C<0,1,1>^1.C<1,0,1>^1.C<1,1,0>^1 + (544)C<0,1,1>^2.C<2,0,0>^1 + (784)C<0,2,0>^1.C<1,0,1>^2
[1, 0, 1, 1, 0, 0, 0, 1, 0]: L59078: L58783 + L59077 : (20064)C<0,0,2>^1.C<0,2,0>^1.C<2,0,0>^1 + (432)C<0,0,2>^1.C<1,1,0>^2 + (560)C<0,1,1>^1.C<1,0,1>^1.C<1,1,0>^1 + (544)C<0,1,1>^2.C<2,0,0>^1 + (784)C<0,2,0>^1.C<1,0,1>^2
[1, 0, 2, 0, 0, 0, 2, 0, 0]: L59470: L59078 + L59469 : (19296)C<0,0,2>^1.C<0,2,0>^1.C<2,0,0>^1 + (432)C<0,0,2>^1.C<1,1,0>^2 + (560)C<0,1,1>^1.C<1,0,1>^1.C<1,1,0>^1 + (544)C<0,1,1>^2.C<2,0,0>^1 + (400)C<0,2,0>^1.C<1,0,1>^2
[1, 1, 0, 0, 0, 1, 1, 0, 0]: L59773: L59470 + L59772 : (19136)C<0,0,2>^1.C<0,2,0>^1.C<2,0,0>^1 + (352)C<0,0,2>^1.C<1,1,0>^2 + (480)C<0,1,1>^1.C<1,0,1>^1.C<1,1,0>^1 + (544)C<0,1,1>^2.C<2,0,0>^1 + (320)C<0,2,0>^1.C<1,0,1>^2
[1, 1, 0, 1, 0, 0, 0, 0, 2]: L60329: L59773 + L60328 : (18560)C<0,0,2>^1.C<0,2,0>^1.C<2,0,0>^1 + (64)C<0,0,2>^1.C<1,1,0>^2 + (480)C<0,1,1>^1.C<1,0,1>^1.C<1,1,0>^1 + (544)C<0,1,1>^2.C<2,0,0>^1 + (320)C<0,2,0>^1.C<1,0,1>^2
[1, 1, 0, 1, 0, 0, 0, 0, 1]: L60624: L60329 + L60623 : (17984)C<0,0,2>^1.C<0,2,0>^1.C<2,0,0>^1 + (-224)C<0,0,2>^1.C<1,1,0>^2 + (480)C<0,1,1>^1.C<1,0,1>^1.C<1,1,0>^1 + (544)C<0,1,1>^2.C<2,0,0>^1 + (320)C<0,2,0>^1.C<1,0,1>^2
[1, 1, 0, 1, 0, 1, 0, 1, 0]: L61453: L60624 + L61452 : (17408)C<0,0,2>^1.C<0,2,0>^1.C<2,0,0>^1 + (-512)C<0,0,2>^1.C<1,1,0>^2 + (192)C<0,1,1>^1.C<1,0,1>^1.C<1,1,0>^1 + (256)C<0,1,1>^2.C<2,0,0>^1 + (320)C<0,2,0>^1.C<1,0,1>^2
[1, 1, 0, 1, 2, 0, 0, 0, 0]: L62017: L61453 + L62016 : (16832)C<0,0,2>^1.C<0,2,0>^1.C<2,0,0>^1 + (-800)C<0,0,2>^1.C<1,1,0>^2 + (192)C<0,1,1>^1.C<1,0,1>^1.C<1,1,0>^1 + (256)C<0,1,1>^2.C<2,0,0>^1 + (320)C<0,2,0>^1.C<1,0,1>^2
[1, 1, 0, 1, 1, 0, 0, 0, 0]: L62316: L62017 + L62315 : (16512)C<0,0,2>^1.C<0,2,0>^1.C<2,0,0>^1 + (-960)C<0,0,2>^1.C<1,1,0>^2 + (192)C<0,1,1>^1.C<1,0,1>^1.C<1,1,0>^1 + (256)C<0,1,1>^2.C<2,0,0>^1 + (320)C<0,2,0>^1.C<1,0,1>^2
[1, 1, 0, 1, 0, 0, 0, 0, 0]: L62431: L62316 + L62430 : (19840)C<0,0,2>^1.C<0,2,0>^1.C<2,0,0>^1 + (704)C<0,0,2>^1.C<1,1,0>^2 + (192)C<0,1,1>^1.C<1,0,1>^1.C<1,1,0>^1 + (256)C<0,1,1>^2.C<2,0,0>^1 + (320)C<0,2,0>^1.C<1,0,1>^2
[1, 1, 1, 1, 0, 0, 1, 0, 0]: L63268: L62431 + L63267 : (19456)C<0,0,2>^1.C<0,2,0>^1.C<2,0,0>^1 + (512)C<0,0,2>^1.C<1,1,0>^2 + (256)C<0,1,1>^2.C<2,0,0>^1 + (128)C<0,2,0>^1.C<1,0,1>^2
[1, 2, 0, 2, 0, 0, 0, 0, 0]: L63660: L63268 + L63659 : (18688)C<0,0,2>^1.C<0,2,0>^1.C<2,0,0>^1 + (128)C<0,0,2>^1.C<1,1,0>^2 + (256)C<0,1,1>^2.C<2,0,0>^1 + (128)C<0,2,0>^1.C<1,0,1>^2
[2, 0, 0, 0, 0, 0, 0, 0, 4]: L63976: L63660 + L63975 : (18880)C<0,0,2>^1.C<0,2,0>^1.C<2,0,0>^1 + (128)C<0,0,2>^1.C<1,1,0>^2 + (256)C<0,1,1>^2.C<2,0,0>^1 + (128)C<0,2,0>^1.C<1,0,1>^2
[2, 0, 0, 0, 0, 0, 0, 0, 3]: L64194: L63976 + L64193 : (19264)C<0,0,2>^1.C<0,2,0>^1.C<2,0,0>^1 + (128)C<0,0,2>^1.C<1,1,0>^2 + (256)C<0,1,1>^2.C<2,0,0>^1 + (128)C<0,2,0>^1.C<1,0,1>^2
[2, 0, 0, 0, 0, 0, 0, 0, 2]: L64332: L64194 + L64331 : (17216)C<0,0,2>^1.C<0,2,0>^1.C<2,0,0>^1 + (128)C<0,0,2>^1.C<1,1,0>^2 + (256)C<0,1,1>^2.C<2,0,0>^1 + (128)C<0,2,0>^1.C<1,0,1>^2
[2, 0, 0, 0, 0, 0, 0, 0, 1]: L64408: L64332 + L64407 : (14976)C<0,0,2>^1.C<0,2,0>^1.C<2,0,0>^1 + (128)C<0,0,2>^1.C<1,1,0>^2 + (256)C<0,1,1>^2.C<2,0,0>^1 + (128)C<0,2,0>^1.C<1,0,1>^2
[2, 0, 0, 0, 0, 1, 0, 1, 2]: L65474: L64408 + L65473 : (15360)C<0,0,2>^1.C<0,2,0>^1.C<2,0,0>^1 + (128)C<0,0,2>^1.C<1,1,0>^2 + (448)C<0,1,1>^2.C<2,0,0>^1 + (128)C<0,2,0>^1.C<1,0,1>^2
[2, 0, 0, 0, 0, 1, 0, 1, 1]: L66026: L65474 + L66025 : (15936)C<0,0,2>^1.C<0,2,0>^1.C<2,0,0>^1 + (128)C<0,0,2>^1.C<1,1,0>^2 + (736)C<0,1,1>^2.C<2,0,0>^1 + (128)C<0,2,0>^1.C<1,0,1>^2
[2, 0, 0, 0, 0, 1, 0, 1, 0]: L66226: L66026 + L66225 : (13888)C<0,0,2>^1.C<0,2,0>^1.C<2,0,0>^1 + (128)C<0,0,2>^1.C<1,1,0>^2 + (-288)C<0,1,1>^2.C<2,0,0>^1 + (128)C<0,2,0>^1.C<1,0,1>^2
[2, 0, 0, 0, 0, 2, 0, 2, 0]: L66950: L66226 + L66949 : (14272)C<0,0,2>^1.C<0,2,0>^1.C<2,0,0>^1 + (128)C<0,0,2>^1.C<1,1,0>^2 + (-96)C<0,1,1>^2.C<2,0,0>^1 + (128)C<0,2,0>^1.C<1,0,1>^2
[2, 0, 0, 0, 1, 1, 0, 1, 0]: L67506: L66950 + L67505 : (14080)C<0,0,2>^1.C<0,2,0>^1.C<2,0,0>^1 + (128)C<0,0,2>^1.C<1,1,0>^2 + (-192)C<0,1,1>^2.C<2,0,0>^1 + (128)C<0,2,0>^1.C<1,0,1>^2
[2, 0, 0, 0, 2, 0, 0, 0, 2]: L68224: L67506 + L68223 : (14464)C<0,0,2>^1.C<0,2,0>^1.C<2,0,0>^1 + (128)C<0,0,2>^1.C<1,1,0>^2 + (-192)C<0,1,1>^2.C<2,0,0>^1 + (128)C<0,2,0>^1.C<1,0,1>^2
[2, 0, 0, 0, 2, 0, 0, 0, 1]: L68598: L68224 + L68597 : (14848)C<0,0,2>^1.C<0,2,0>^1.C<2,0,0>^1 + (128)C<0,0,2>^1.C<1,1,0>^2 + (-192)C<0,1,1>^2.C<2,0,0>^1 + (128)C<0,2,0>^1.C<1,0,1>^2
[2, 0, 0, 0, 2, 1, 0, 1, 0]: L69672: L68598 + L69671 : (15232)C<0,0,2>^1.C<0,2,0>^1.C<2,0,0>^1 + (128)C<0,0,2>^1.C<1,1,0>^2 + (128)C<0,2,0>^1.C<1,0,1>^2
[2, 0, 0, 0, 4, 0, 0, 0, 0]: L69988: L69672 + L69987 : (15424)C<0,0,2>^1.C<0,2,0>^1.C<2,0,0>^1 + (128)C<0,0,2>^1.C<1,1,0>^2 + (128)C<0,2,0>^1.C<1,0,1>^2
[2, 0, 0, 0, 2, 0, 0, 0, 0]: L70126: L69988 + L70125 : (13184)C<0,0,2>^1.C<0,2,0>^1.C<2,0,0>^1 + (128)C<0,0,2>^1.C<1,1,0>^2 + (128)C<0,2,0>^1.C<1,0,1>^2
[2, 0, 1, 0, 0, 0, 1, 0, 2]: L71212: L70126 + L71211 : (13568)C<0,0,2>^1.C<0,2,0>^1.C<2,0,0>^1 + (128)C<0,0,2>^1.C<1,1,0>^2 + (320)C<0,2,0>^1.C<1,0,1>^2
[2, 0, 1, 0, 0, 0, 1, 0, 1]: L71780: L71212 + L71779 : (14144)C<0,0,2>^1.C<0,2,0>^1.C<2,0,0>^1 + (128)C<0,0,2>^1.C<1,1,0>^2 + (608)C<0,2,0>^1.C<1,0,1>^2
[2, 0, 1, 0, 0, 0, 1, 0, 0]: L71992: L71780 + L71991 : (12448)C<0,0,2>^1.C<0,2,0>^1.C<2,0,0>^1 + (128)C<0,0,2>^1.C<1,1,0>^2 + (-240)C<0,2,0>^1.C<1,0,1>^2
[2, 0, 1, 0, 0, 1, 1, 1, 0]: L73596: L71992 + L73595 : (12832)C<0,0,2>^1.C<0,2,0>^1.C<2,0,0>^1 + (224)C<0,0,2>^1.C<1,1,0>^2 + (288)C<0,1,1>^1.C<1,0,1>^1.C<1,1,0>^1 + (192)C<0,1,1>^2.C<2,0,0>^1 + (-48)C<0,2,0>^1.C<1,0,1>^2
[2, 0, 1, 0, 2, 0, 1, 0, 0]: L74670: L73596 + L74669 : (13216)C<0,0,2>^1.C<0,2,0>^1.C<2,0,0>^1 + (224)C<0,0,2>^1.C<1,1,0>^2 + (288)C<0,1,1>^1.C<1,0,1>^1.C<1,1,0>^1 + (192)C<0,1,1>^2.C<2,0,0>^1 + (144)C<0,2,0>^1.C<1,0,1>^2
[2, 0, 1, 1, 0, 0, 0, 1, 0]: L75232: L74670 + L75231 : (13216)C<0,0,2>^1.C<0,2,0>^1.C<2,0,0>^1 + (176)C<0,0,2>^1.C<1,1,0>^2 + (240)C<0,1,1>^1.C<1,0,1>^1.C<1,1,0>^1 + (192)C<0,1,1>^2.C<2,0,0>^1 + (144)C<0,2,0>^1.C<1,0,1>^2
[2, 0, 2, 0, 0, 0, 2, 0, 0]: L75980: L75232 + L75979 : (13600)C<0,0,2>^1.C<0,2,0>^1.C<2,0,0>^1 + (176)C<0,0,2>^1.C<1,1,0>^2 + (240)C<0,1,1>^1.C<1,0,1>^1.C<1,1,0>^1 + (192)C<0,1,1>^2.C<2,0,0>^1 + (336)C<0,2,0>^1.C<1,0,1>^2
[2, 1, 0, 0, 0, 1, 1, 0, 0]: L76554: L75980 + L76553 : (13696)C<0,0,2>^1.C<0,2,0>^1.C<2,0,0>^1 + (224)C<0,0,2>^1.C<1,1,0>^2 + (288)C<0,1,1>^1.C<1,0,1>^1.C<1,1,0>^1 + (192)C<0,1,1>^2.C<2,0,0>^1 + (384)C<0,2,0>^1.C<1,0,1>^2
[2, 1, 0, 1, 0, 0, 0, 0, 2]: L77628: L76554 + L77627 : (14080)C<0,0,2>^1.C<0,2,0>^1.C<2,0,0>^1 + (416)C<0,0,2>^1.C<1,1,0>^2 + (288)C<0,1,1>^1.C<1,0,1>^1.C<1,1,0>^1 + (192)C<0,1,1>^2.C<2,0,0>^1 + (384)C<0,2,0>^1.C<1,0,1>^2
[2, 1, 0, 1, 0, 0, 0, 0, 1]: L78190: L77628 + L78189 : (14464)C<0,0,2>^1.C<0,2,0>^1.C<2,0,0>^1 + (608)C<0,0,2>^1.C<1,1,0>^2 + (288)C<0,1,1>^1.C<1,0,1>^1.C<1,1,0>^1 + (192)C<0,1,1>^2.C<2,0,0>^1 + (384)C<0,2,0>^1.C<1,0,1>^2
[2, 1, 0, 1, 0, 1, 0, 1, 0]: L79794: L78190 + L79793 : (14848)C<0,0,2>^1.C<0,2,0>^1.C<2,0,0>^1 + (800)C<0,0,2>^1.C<1,1,0>^2 + (480)C<0,1,1>^1.C<1,0,1>^1.C<1,1,0>^1 + (384)C<0,1,1>^2.C<2,0,0>^1 + (384)C<0,2,0>^1.C<1,0,1>^2
[2, 1, 0, 1, 2, 0, 0, 0, 0]: L80880: L79794 + L80879 : (15232)C<0,0,2>^1.C<0,2,0>^1.C<2,0,0>^1 + (992)C<0,0,2>^1.C<1,1,0>^2 + (480)C<0,1,1>^1.C<1,0,1>^1.C<1,1,0>^1 + (384)C<0,1,1>^2.C<2,0,0>^1 + (384)C<0,2,0>^1.C<1,0,1>^2
[2, 1, 0, 1, 1, 0, 0, 0, 0]: L81448: L80880 + L81447 : (15424)C<0,0,2>^1.C<0,2,0>^1.C<2,0,0>^1 + (1088)C<0,0,2>^1.C<1,1,0>^2 + (480)C<0,1,1>^1.C<1,0,1>^1.C<1,1,0>^1 + (384)C<0,1,1>^2.C<2,0,0>^1 + (384)C<0,2,0>^1.C<1,0,1>^2
[2, 1, 0, 1, 0, 0, 0, 0, 0]: L81660: L81448 + L81659 : (13632)C<0,0,2>^1.C<0,2,0>^1.C<2,0,0>^1 + (192)C<0,0,2>^1.C<1,1,0>^2 + (480)C<0,1,1>^1.C<1,0,1>^1.C<1,1,0>^1 + (384)C<0,1,1>^2.C<2,0,0>^1 + (384)C<0,2,0>^1.C<1,0,1>^2
[2, 1, 1, 1, 0, 0, 1, 0, 0]: L83278: L81660 + L83277 : (13824)C<0,0,2>^1.C<0,2,0>^1.C<2,0,0>^1 + (288)C<0,0,2>^1.C<1,1,0>^2 + (576)C<0,1,1>^1.C<1,0,1>^1.C<1,1,0>^1 + (384)C<0,1,1>^2.C<2,0,0>^1 + (480)C<0,2,0>^1.C<1,0,1>^2
[2, 2, 0, 2, 0, 0, 0, 0, 0]: L84026: L83278 + L84025 : (14208)C<0,0,2>^1.C<0,2,0>^1.C<2,0,0>^1 + (480)C<0,0,2>^1.C<1,1,0>^2 + (576)C<0,1,1>^1.C<1,0,1>^1.C<1,1,0>^1 + (384)C<0,1,1>^2.C<2,0,0>^1 + (480)C<0,2,0>^1.C<1,0,1>^2
[3, 0, 0, 0, 0, 0, 0, 0, 2]: L84244: L84026 + L84243 : (13824)C<0,0,2>^1.C<0,2,0>^1.C<2,0,0>^1 + (480)C<0,0,2>^1.C<1,1,0>^2 + (576)C<0,1,1>^1.C<1,0,1>^1.C<1,1,0>^1 + (384)C<0,1,1>^2.C<2,0,0>^1 + (480)C<0,2,0>^1.C<1,0,1>^2
[3, 0, 0, 0, 0, 0, 0, 0, 1]: L84362: L84244 + L84361 : (13440)C<0,0,2>^1.C<0,2,0>^1.C<2,0,0>^1 + (480)C<0,0,2>^1.C<1,1,0>^2 + (576)C<0,1,1>^1.C<1,0,1>^1.C<1,1,0>^1 + (384)C<0,1,1>^2.C<2,0,0>^1 + (480)C<0,2,0>^1.C<1,0,1>^2
[3, 0, 0, 0, 0, 1, 0, 1, 0]: L84680: L84362 + L84679 : (13056)C<0,0,2>^1.C<0,2,0>^1.C<2,0,0>^1 + (480)C<0,0,2>^1.C<1,1,0>^2 + (576)C<0,1,1>^1.C<1,0,1>^1.C<1,1,0>^1 + (192)C<0,1,1>^2.C<2,0,0>^1 + (480)C<0,2,0>^1.C<1,0,1>^2
[3, 0, 0, 0, 2, 0, 0, 0, 0]: L84898: L84680 + L84897 : (12672)C<0,0,2>^1.C<0,2,0>^1.C<2,0,0>^1 + (480)C<0,0,2>^1.C<1,1,0>^2 + (576)C<0,1,1>^1.C<1,0,1>^1.C<1,1,0>^1 + (192)C<0,1,1>^2.C<2,0,0>^1 + (480)C<0,2,0>^1.C<1,0,1>^2
[3, 0, 1, 0, 0, 0, 1, 0, 0]: L85234: L84898 + L85233 : (12096)C<0,0,2>^1.C<0,2,0>^1.C<2,0,0>^1 + (480)C<0,0,2>^1.C<1,1,0>^2 + (576)C<0,1,1>^1.C<1,0,1>^1.C<1,1,0>^1 + (192)C<0,1,1>^2.C<2,0,0>^1 + (192)C<0,2,0>^1.C<1,0,1>^2
[3, 1, 0, 1, 0, 0, 0, 0, 0]: L85570: L85234 + L85569 : (11520)C<0,0,2>^1.C<0,2,0>^1.C<2,0,0>^1 + (192)C<0,0,2>^1.C<1,1,0>^2 + (576)C<0,1,1>^1.C<1,0,1>^1.C<1,1,0>^1 + (192)C<0,1,1>^2.C<2,0,0>^1 + (192)C<0,2,0>^1.C<1,0,1>^2
[4, 0, 0, 0, 0, 0, 0, 0, 2]: L85886: L85570 + L85885 : (11712)C<0,0,2>^1.C<0,2,0>^1.C<2,0,0>^1 + (192)C<0,0,2>^1.C<1,1,0>^2 + (576)C<0,1,1>^1.C<1,0,1>^1.C<1,1,0>^1 + (192)C<0,1,1>^2.C<2,0,0>^1 + (192)C<0,2,0>^1.C<1,0,1>^2
[4, 0, 0, 0, 0, 0, 0, 0, 1]: L86055: L85886 + L86054 : (11904)C<0,0,2>^1.C<0,2,0>^1.C<2,0,0>^1 + (192)C<0,0,2>^1.C<1,1,0>^2 + (576)C<0,1,1>^1.C<1,0,1>^1.C<1,1,0>^1 + (192)C<0,1,1>^2.C<2,0,0>^1 + (192)C<0,2,0>^1.C<1,0,1>^2
[4, 0, 0, 0, 0, 1, 0, 1, 0]: L86518: L86055 + L86517 : (12096)C<0,0,2>^1.C<0,2,0>^1.C<2,0,0>^1 + (192)C<0,0,2>^1.C<1,1,0>^2 + (576)C<0,1,1>^1.C<1,0,1>^1.C<1,1,0>^1 + (288)C<0,1,1>^2.C<2,0,0>^1 + (192)C<0,2,0>^1.C<1,0,1>^2
[4, 0, 0, 0, 2, 0, 0, 0, 0]: L86834: L86518 + L86833 : (12288)C<0,0,2>^1.C<0,2,0>^1.C<2,0,0>^1 + (192)C<0,0,2>^1.C<1,1,0>^2 + (576)C<0,1,1>^1.C<1,0,1>^1.C<1,1,0>^1 + (288)C<0,1,1>^2.C<2,0,0>^1 + (192)C<0,2,0>^1.C<1,0,1>^2
[4, 0, 1, 0, 0, 0, 1, 0, 0]: L87321: L86834 + L87320 : (12480)C<0,0,2>^1.C<0,2,0>^1.C<2,0,0>^1 + (192)C<0,0,2>^1.C<1,1,0>^2 + (576)C<0,1,1>^1.C<1,0,1>^1.C<1,1,0>^1 + (288)C<0,1,1>^2.C<2,0,0>^1 + (288)C<0,2,0>^1.C<1,0,1>^2
[4, 1, 0, 1, 0, 0, 0, 0, 0]: L87808: L87321 + L87807 : (12672)C<0,0,2>^1.C<0,2,0>^1.C<2,0,0>^1 + (288)C<0,0,2>^1.C<1,1,0>^2 + (576)C<0,1,1>^1.C<1,0,1>^1.C<1,1,0>^1 + (288)C<0,1,1>^2.C<2,0,0>^1 + (288)C<0,2,0>^1.C<1,0,1>^2
[6, 0, 0, 0, 0, 0, 0, 0, 0]: L87922: L87808 + L87921 : (12736)C<0,0,2>^1.C<0,2,0>^1.C<2,0,0>^1 + (288)C<0,0,2>^1.C<1,1,0>^2 + (576)C<0,1,1>^1.C<1,0,1>^1.C<1,1,0>^1 + (288)C<0,1,1>^2.C<2,0,0>^1 + (288)C<0,2,0>^1.C<1,0,1>^2
[5, 0, 0, 0, 0, 0, 0, 0, 0]: L88011: L87922 + L88010 : (12544)C<0,0,2>^1.C<0,2,0>^1.C<2,0,0>^1 + (288)C<0,0,2>^1.C<1,1,0>^2 + (576)C<0,1,1>^1.C<1,0,1>^1.C<1,1,0>^1 + (288)C<0,1,1>^2.C<2,0,0>^1 + (288)C<0,2,0>^1.C<1,0,1>^2
[4, 0, 0, 0, 0, 0, 0, 0, 0]: L88078: L88011 + L88077 : (11520)C<0,0,2>^1.C<0,2,0>^1.C<2,0,0>^1 + (288)C<0,0,2>^1.C<1,1,0>^2 + (576)C<0,1,1>^1.C<1,0,1>^1.C<1,1,0>^1 + (288)C<0,1,1>^2.C<2,0,0>^1 + (288)C<0,2,0>^1.C<1,0,1>^2
[3, 0, 0, 0, 0, 0, 0, 0, 0]: L88126: L88078 + L88125 : (13888)C<0,0,2>^1.C<0,2,0>^1.C<2,0,0>^1 + (288)C<0,0,2>^1.C<1,1,0>^2 + (576)C<0,1,1>^1.C<1,0,1>^1.C<1,1,0>^1 + (288)C<0,1,1>^2.C<2,0,0>^1 + (288)C<0,2,0>^1.C<1,0,1>^2
[2, 0, 0, 0, 0, 0, 0, 0, 0]: L88158: L88126 + L88157 : (19776)C<0,0,2>^1.C<0,2,0>^1.C<2,0,0>^1 + (288)C<0,0,2>^1.C<1,1,0>^2 + (576)C<0,1,1>^1.C<1,0,1>^1.C<1,1,0>^1 + (288)C<0,1,1>^2.C<2,0,0>^1 + (288)C<0,2,0>^1.C<1,0,1>^2
[1, 0, 0, 0, 0, 0, 0, 0, 0]: L88177: L88158 + L88176 : (12672)C<0,0,2>^1.C<0,2,0>^1.C<2,0,0>^1 + (288)C<0,0,2>^1.C<1,1,0>^2 + (576)C<0,1,1>^1.C<1,0,1>^1.C<1,1,0>^1 + (288)C<0,1,1>^2.C<2,0,0>^1 + (288)C<0,2,0>^1.C<1,0,1>^2
[0, 0, 0, 0, 0, 0, 0, 0, 0]: L88185: L88177 + L88184 : (576)C<0,0,2>^1.C<0,2,0>^1.C<2,0,0>^1 + (288)C<0,0,2>^1.C<1,1,0>^2 + (576)C<0,1,1>^1.C<1,0,1>^1.C<1,1,0>^1 + (288)C<0,1,1>^2.C<2,0,0>^1 + (288)C<0,2,0>^1.C<1,0,1>^2
SLP Res: 
L88185: L88177 + L88184 : (576)C<0,0,2>^1.C<0,2,0>^1.C<2,0,0>^1 + (288)C<0,0,2>^1.C<1,1,0>^2 + (576)C<0,1,1>^1.C<1,0,1>^1.C<1,1,0>^1 + (288)C<0,1,1>^2.C<2,0,0>^1 + (288)C<0,2,0>^1.C<1,0,1>^2
test projections::tests::test_example_5_4_partially ... ok

test result: ok. 1 passed; 0 failed; 0 ignored; 0 measured; 23 filtered out; finished in 7.96s

