
running 1 test
casimir poly {[]: -12096, [2, 2, 2]: 1, [2]: 1776, [2, 2]: -76}
Casimir of [6,0,0] with C2 is 48
[0, 0, 0, 0, 0, 0, 0, 0, 6]: L11  : L10 * L6        : (64)C<0,0,2>^1.C<0,2,0>^1.C<2,0,0>^1
[0, 0, 0, 0, 0, 0, 0, 0, 5]: L14  : L11 + L13       : (256)C<0,0,2>^1.C<0,2,0>^1.C<2,0,0>^1
[0, 0, 0, 0, 0, 0, 0, 0, 4]: L17  : L14 + L16       : (-768)C<0,0,2>^1.C<0,2,0>^1.C<2,0,0>^1
[0, 0, 0, 0, 0, 0, 0, 0, 3]: L20  : L17 + L19       : (-3136)C<0,0,2>^1.C<0,2,0>^1.C<2,0,0>^1
[0, 0, 0, 0, 0, 0, 0, 0, 2]: L23  : L20 + L22       : (2752)C<0,0,2>^1.C<0,2,0>^1.C<2,0,0>^1
[0, 0, 0, 0, 0, 0, 0, 0, 1]: L26  : L23 + L25       : (9856)C<0,0,2>^1.C<0,2,0>^1.C<2,0,0>^1
[0, 0, 0, 0, 0, 1, 0, 1, 4]: L39  : L26 + L38       : (10048)C<0,0,2>^1.C<0,2,0>^1.C<2,0,0>^1 + (96)C<0,1,1>^2.C<2,0,0>^1
[0, 0, 0, 0, 0, 1, 0, 1, 3]: L44  : L39 + L43       : (10624)C<0,0,2>^1.C<0,2,0>^1.C<2,0,0>^1 + (384)C<0,1,1>^2.C<2,0,0>^1
[0, 0, 0, 0, 0, 1, 0, 1, 2]: L49  : L44 + L48       : (8832)C<0,0,2>^1.C<0,2,0>^1.C<2,0,0>^1 + (-512)C<0,1,1>^2.C<2,0,0>^1
[0, 0, 0, 0, 0, 1, 0, 1, 1]: L54  : L49 + L53       : (5504)C<0,0,2>^1.C<0,2,0>^1.C<2,0,0>^1 + (-2176)C<0,1,1>^2.C<2,0,0>^1
[0, 0, 0, 0, 0, 1, 0, 1, 0]: L59  : L54 + L58       : (11456)C<0,0,2>^1.C<0,2,0>^1.C<2,0,0>^1 + (800)C<0,1,1>^2.C<2,0,0>^1
[0, 0, 0, 0, 0, 2, 0, 2, 2]: L72  : L59 + L71       : (11840)C<0,0,2>^1.C<0,2,0>^1.C<2,0,0>^1 + (992)C<0,1,1>^2.C<2,0,0>^1
[0, 0, 0, 0, 0, 2, 0, 2, 1]: L80  : L72 + L79       : (12608)C<0,0,2>^1.C<0,2,0>^1.C<2,0,0>^1 + (1376)C<0,1,1>^2.C<2,0,0>^1
[0, 0, 0, 0, 0, 2, 0, 2, 0]: L88  : L80 + L87       : (10688)C<0,0,2>^1.C<0,2,0>^1.C<2,0,0>^1 + (416)C<0,1,1>^2.C<2,0,0>^1
[0, 0, 0, 0, 0, 3, 0, 3, 0]: L88  : L80 + L87       : (10688)C<0,0,2>^1.C<0,2,0>^1.C<2,0,0>^1 + (416)C<0,1,1>^2.C<2,0,0>^1
[0, 0, 0, 0, 1, 1, 0, 1, 2]: L92  : L88 + L91       : (10496)C<0,0,2>^1.C<0,2,0>^1.C<2,0,0>^1 + (320)C<0,1,1>^2.C<2,0,0>^1
[0, 0, 0, 0, 1, 1, 0, 1, 1]: L96  : L92 + L95       : (10176)C<0,0,2>^1.C<0,2,0>^1.C<2,0,0>^1 + (160)C<0,1,1>^2.C<2,0,0>^1
[0, 0, 0, 0, 1, 1, 0, 1, 0]: L100 : L96 + L99       : (11264)C<0,0,2>^1.C<0,2,0>^1.C<2,0,0>^1 + (704)C<0,1,1>^2.C<2,0,0>^1
[0, 0, 0, 0, 1, 2, 0, 2, 0]: L107 : L100 + L106     : (10880)C<0,0,2>^1.C<0,2,0>^1.C<2,0,0>^1 + (512)C<0,1,1>^2.C<2,0,0>^1
[0, 0, 0, 0, 2, 0, 0, 0, 4]: L110 : L107 + L109     : (11072)C<0,0,2>^1.C<0,2,0>^1.C<2,0,0>^1 + (512)C<0,1,1>^2.C<2,0,0>^1
[0, 0, 0, 0, 2, 0, 0, 0, 3]: L113 : L110 + L112     : (11456)C<0,0,2>^1.C<0,2,0>^1.C<2,0,0>^1 + (512)C<0,1,1>^2.C<2,0,0>^1
[0, 0, 0, 0, 2, 0, 0, 0, 2]: L115 : L113 + L114     : (9216)C<0,0,2>^1.C<0,2,0>^1.C<2,0,0>^1 + (512)C<0,1,1>^2.C<2,0,0>^1
[0, 0, 0, 0, 2, 0, 0, 0, 1]: L117 : L115 + L116     : (6784)C<0,0,2>^1.C<0,2,0>^1.C<2,0,0>^1 + (512)C<0,1,1>^2.C<2,0,0>^1
[0, 0, 0, 0, 2, 1, 0, 1, 2]: L124 : L117 + L123     : (7168)C<0,0,2>^1.C<0,2,0>^1.C<2,0,0>^1 + (704)C<0,1,1>^2.C<2,0,0>^1
[0, 0, 0, 0, 2, 1, 0, 1, 1]: L131 : L124 + L130     : (7744)C<0,0,2>^1.C<0,2,0>^1.C<2,0,0>^1 + (992)C<0,1,1>^2.C<2,0,0>^1
[0, 0, 0, 0, 2, 1, 0, 1, 0]: L137 : L131 + L136     : (5568)C<0,0,2>^1.C<0,2,0>^1.C<2,0,0>^1 + (-96)C<0,1,1>^2.C<2,0,0>^1
[0, 0, 0, 0, 2, 2, 0, 2, 0]: L147 : L137 + L146     : (5952)C<0,0,2>^1.C<0,2,0>^1.C<2,0,0>^1 + (96)C<0,1,1>^2.C<2,0,0>^1
[0, 0, 0, 0, 3, 1, 0, 1, 0]: L154 : L147 + L153     : (5760)C<0,0,2>^1.C<0,2,0>^1.C<2,0,0>^1
[0, 0, 0, 0, 4, 0, 0, 0, 2]: L157 : L154 + L156     : (5952)C<0,0,2>^1.C<0,2,0>^1.C<2,0,0>^1
[0, 0, 0, 0, 4, 0, 0, 0, 1]: L160 : L157 + L159     : (6144)C<0,0,2>^1.C<0,2,0>^1.C<2,0,0>^1
[0, 0, 0, 0, 4, 1, 0, 1, 0]: L172 : L160 + L171     : (6336)C<0,0,2>^1.C<0,2,0>^1.C<2,0,0>^1 + (96)C<0,1,1>^2.C<2,0,0>^1
[0, 0, 0, 0, 6, 0, 0, 0, 0]: L176 : L172 + L175     : (6400)C<0,0,2>^1.C<0,2,0>^1.C<2,0,0>^1 + (96)C<0,1,1>^2.C<2,0,0>^1
[0, 0, 0, 0, 4, 0, 0, 0, 0]: L178 : L176 + L177     : (5184)C<0,0,2>^1.C<0,2,0>^1.C<2,0,0>^1 + (96)C<0,1,1>^2.C<2,0,0>^1
[0, 0, 0, 0, 2, 0, 0, 0, 0]: L180 : L178 + L179     : (12288)C<0,0,2>^1.C<0,2,0>^1.C<2,0,0>^1 + (96)C<0,1,1>^2.C<2,0,0>^1
[0, 0, 1, 0, 0, 0, 1, 0, 4]: L193 : L180 + L192     : (12480)C<0,0,2>^1.C<0,2,0>^1.C<2,0,0>^1 + (96)C<0,1,1>^2.C<2,0,0>^1 + (96)C<0,2,0>^1.C<1,0,1>^2
[0, 0, 1, 0, 0, 0, 1, 0, 3]: L198 : L193 + L197     : (13056)C<0,0,2>^1.C<0,2,0>^1.C<2,0,0>^1 + (96)C<0,1,1>^2.C<2,0,0>^1 + (384)C<0,2,0>^1.C<1,0,1>^2
[0, 0, 1, 0, 0, 0, 1, 0, 2]: L203 : L198 + L202     : (11360)C<0,0,2>^1.C<0,2,0>^1.C<2,0,0>^1 + (96)C<0,1,1>^2.C<2,0,0>^1 + (-464)C<0,2,0>^1.C<1,0,1>^2
[0, 0, 1, 0, 0, 0, 1, 0, 1]: L208 : L203 + L207     : (8192)C<0,0,2>^1.C<0,2,0>^1.C<2,0,0>^1 + (96)C<0,1,1>^2.C<2,0,0>^1 + (-2048)C<0,2,0>^1.C<1,0,1>^2
[0, 0, 1, 0, 0, 0, 1, 0, 0]: L213 : L208 + L212     : (13616)C<0,0,2>^1.C<0,2,0>^1.C<2,0,0>^1 + (96)C<0,1,1>^2.C<2,0,0>^1 + (664)C<0,2,0>^1.C<1,0,1>^2
[0, 0, 1, 0, 0, 1, 1, 1, 2]: L237 : L213 + L236     : (14000)C<0,0,2>^1.C<0,2,0>^1.C<2,0,0>^1 + (96)C<0,0,2>^1.C<1,1,0>^2 + (288)C<0,1,1>^1.C<1,0,1>^1.C<1,1,0>^1 + (288)C<0,1,1>^2.C<2,0,0>^1 + (856)C<0,2,0>^1.C<1,0,1>^2
[0, 0, 1, 0, 0, 1, 1, 1, 1]: L246 : L237 + L245     : (14768)C<0,0,2>^1.C<0,2,0>^1.C<2,0,0>^1 + (288)C<0,0,2>^1.C<1,1,0>^2 + (864)C<0,1,1>^1.C<1,0,1>^1.C<1,1,0>^1 + (672)C<0,1,1>^2.C<2,0,0>^1 + (1240)C<0,2,0>^1.C<1,0,1>^2
[0, 0, 1, 0, 0, 1, 1, 1, 0]: L255 : L246 + L254     : (12848)C<0,0,2>^1.C<0,2,0>^1.C<2,0,0>^1 + (-192)C<0,0,2>^1.C<1,1,0>^2 + (-576)C<0,1,1>^1.C<1,0,1>^1.C<1,1,0>^1 + (-288)C<0,1,1>^2.C<2,0,0>^1 + (280)C<0,2,0>^1.C<1,0,1>^2
[0, 0, 1, 0, 0, 2, 1, 2, 0]: L292 : L255 + L291     : (13232)C<0,0,2>^1.C<0,2,0>^1.C<2,0,0>^1 + (-192)C<0,1,1>^1.C<1,0,1>^1.C<1,1,0>^1 + (-96)C<0,1,1>^2.C<2,0,0>^1 + (472)C<0,2,0>^1.C<1,0,1>^2
[0, 0, 1, 0, 1, 1, 1, 1, 0]: L306 : L292 + L305     : (13040)C<0,0,2>^1.C<0,2,0>^1.C<2,0,0>^1 + (-48)C<0,0,2>^1.C<1,1,0>^2 + (-336)C<0,1,1>^1.C<1,0,1>^1.C<1,1,0>^1 + (-192)C<0,1,1>^2.C<2,0,0>^1 + (376)C<0,2,0>^1.C<1,0,1>^2
[0, 0, 1, 0, 2, 0, 1, 0, 2]: L311 : L306 + L310     : (13424)C<0,0,2>^1.C<0,2,0>^1.C<2,0,0>^1 + (-48)C<0,0,2>^1.C<1,1,0>^2 + (-336)C<0,1,1>^1.C<1,0,1>^1.C<1,1,0>^1 + (-192)C<0,1,1>^2.C<2,0,0>^1 + (568)C<0,2,0>^1.C<1,0,1>^2
[0, 0, 1, 0, 2, 0, 1, 0, 1]: L316 : L311 + L315     : (14000)C<0,0,2>^1.C<0,2,0>^1.C<2,0,0>^1 + (-48)C<0,0,2>^1.C<1,1,0>^2 + (-336)C<0,1,1>^1.C<1,0,1>^1.C<1,1,0>^1 + (-192)C<0,1,1>^2.C<2,0,0>^1 + (856)C<0,2,0>^1.C<1,0,1>^2
[0, 0, 1, 0, 2, 0, 1, 0, 0]: L321 : L316 + L320     : (11856)C<0,0,2>^1.C<0,2,0>^1.C<2,0,0>^1 + (-48)C<0,0,2>^1.C<1,1,0>^2 + (-336)C<0,1,1>^1.C<1,0,1>^1.C<1,1,0>^1 + (-192)C<0,1,1>^2.C<2,0,0>^1 + (-216)C<0,2,0>^1.C<1,0,1>^2
[0, 0, 1, 0, 2, 1, 1, 1, 0]: L347 : L321 + L346     : (12240)C<0,0,2>^1.C<0,2,0>^1.C<2,0,0>^1 + (48)C<0,0,2>^1.C<1,1,0>^2 + (-48)C<0,1,1>^1.C<1,0,1>^1.C<1,1,0>^1 + (-24)C<0,2,0>^1.C<1,0,1>^2
[0, 0, 1, 0, 4, 0, 1, 0, 0]: L354 : L347 + L353     : (12432)C<0,0,2>^1.C<0,2,0>^1.C<2,0,0>^1 + (48)C<0,0,2>^1.C<1,1,0>^2 + (-48)C<0,1,1>^1.C<1,0,1>^1.C<1,1,0>^1 + (72)C<0,2,0>^1.C<1,0,1>^2
[0, 0, 1, 1, 0, 0, 0, 1, 2]: L359 : L354 + L358     : (12432)C<0,0,2>^1.C<0,2,0>^1.C<2,0,0>^1 + (-96)C<0,1,1>^1.C<1,0,1>^1.C<1,1,0>^1 + (72)C<0,2,0>^1.C<1,0,1>^2
[0, 0, 1, 1, 0, 0, 0, 1, 1]: L364 : L359 + L363     : (12432)C<0,0,2>^1.C<0,2,0>^1.C<2,0,0>^1 + (-80)C<0,0,2>^1.C<1,1,0>^2 + (-176)C<0,1,1>^1.C<1,0,1>^1.C<1,1,0>^1 + (72)C<0,2,0>^1.C<1,0,1>^2
[0, 0, 1, 1, 0, 0, 0, 1, 0]: L369 : L364 + L368     : (12432)C<0,0,2>^1.C<0,2,0>^1.C<2,0,0>^1 + (180)C<0,0,2>^1.C<1,1,0>^2 + (84)C<0,1,1>^1.C<1,0,1>^1.C<1,1,0>^1 + (72)C<0,2,0>^1.C<1,0,1>^2
[0, 0, 1, 1, 0, 1, 0, 2, 0]: L378 : L369 + L377     : (12432)C<0,0,2>^1.C<0,2,0>^1.C<2,0,0>^1 + (84)C<0,0,2>^1.C<1,1,0>^2 + (-12)C<0,1,1>^1.C<1,0,1>^1.C<1,1,0>^1 + (72)C<0,2,0>^1.C<1,0,1>^2
[0, 0, 1, 1, 1, 0, 0, 1, 0]: L380 : L378 + L379     : (12432)C<0,0,2>^1.C<0,2,0>^1.C<2,0,0>^1 + (68)C<0,0,2>^1.C<1,1,0>^2 + (-28)C<0,1,1>^1.C<1,0,1>^1.C<1,1,0>^1 + (72)C<0,2,0>^1.C<1,0,1>^2
[0, 0, 1, 1, 2, 0, 0, 1, 0]: L382 : L380 + L381     : (12432)C<0,0,2>^1.C<0,2,0>^1.C<2,0,0>^1 + (56)C<0,0,2>^1.C<1,1,0>^2 + (-40)C<0,1,1>^1.C<1,0,1>^1.C<1,1,0>^1 + (72)C<0,2,0>^1.C<1,0,1>^2
[0, 0, 2, 0, 0, 0, 2, 0, 2]: L395 : L382 + L394     : (12816)C<0,0,2>^1.C<0,2,0>^1.C<2,0,0>^1 + (56)C<0,0,2>^1.C<1,1,0>^2 + (-40)C<0,1,1>^1.C<1,0,1>^1.C<1,1,0>^1 + (264)C<0,2,0>^1.C<1,0,1>^2
[0, 0, 2, 0, 0, 0, 2, 0, 1]: L403 : L395 + L402     : (13584)C<0,0,2>^1.C<0,2,0>^1.C<2,0,0>^1 + (56)C<0,0,2>^1.C<1,1,0>^2 + (-40)C<0,1,1>^1.C<1,0,1>^1.C<1,1,0>^1 + (648)C<0,2,0>^1.C<1,0,1>^2
[0, 0, 2, 0, 0, 0, 2, 0, 0]: L411 : L403 + L410     : (11856)C<0,0,2>^1.C<0,2,0>^1.C<2,0,0>^1 + (56)C<0,0,2>^1.C<1,1,0>^2 + (-40)C<0,1,1>^1.C<1,0,1>^1.C<1,1,0>^1 + (-216)C<0,2,0>^1.C<1,0,1>^2
[0, 0, 2, 0, 0, 1, 2, 1, 0]: L443 : L411 + L442     : (12240)C<0,0,2>^1.C<0,2,0>^1.C<2,0,0>^1 + (248)C<0,0,2>^1.C<1,1,0>^2 + (344)C<0,1,1>^1.C<1,0,1>^1.C<1,1,0>^1 + (192)C<0,1,1>^2.C<2,0,0>^1 + (-24)C<0,2,0>^1.C<1,0,1>^2
[0, 0, 2, 0, 2, 0, 2, 0, 0]: L454 : L443 + L453     : (12624)C<0,0,2>^1.C<0,2,0>^1.C<2,0,0>^1 + (248)C<0,0,2>^1.C<1,1,0>^2 + (344)C<0,1,1>^1.C<1,0,1>^1.C<1,1,0>^1 + (192)C<0,1,1>^2.C<2,0,0>^1 + (168)C<0,2,0>^1.C<1,0,1>^2
[0, 0, 2, 1, 0, 0, 1, 1, 0]: L464 : L454 + L463     : (12624)C<0,0,2>^1.C<0,2,0>^1.C<2,0,0>^1 + (200)C<0,0,2>^1.C<1,1,0>^2 + (248)C<0,1,1>^1.C<1,0,1>^1.C<1,1,0>^1 + (144)C<0,1,1>^2.C<2,0,0>^1 + (168)C<0,2,0>^1.C<1,0,1>^2
[0, 0, 3, 0, 0, 0, 3, 0, 0]: L464 : L454 + L463     : (12624)C<0,0,2>^1.C<0,2,0>^1.C<2,0,0>^1 + (200)C<0,0,2>^1.C<1,1,0>^2 + (248)C<0,1,1>^1.C<1,0,1>^1.C<1,1,0>^1 + (144)C<0,1,1>^2.C<2,0,0>^1 + (168)C<0,2,0>^1.C<1,0,1>^2
[0, 1, 0, 0, 0, 1, 1, 0, 2]: L471 : L464 + L470     : (12720)C<0,0,2>^1.C<0,2,0>^1.C<2,0,0>^1 + (248)C<0,0,2>^1.C<1,1,0>^2 + (296)C<0,1,1>^1.C<1,0,1>^1.C<1,1,0>^1 + (144)C<0,1,1>^2.C<2,0,0>^1 + (216)C<0,2,0>^1.C<1,0,1>^2
[0, 1, 0, 0, 0, 1, 1, 0, 1]: L477 : L471 + L476     : (12848)C<0,0,2>^1.C<0,2,0>^1.C<2,0,0>^1 + (312)C<0,0,2>^1.C<1,1,0>^2 + (360)C<0,1,1>^1.C<1,0,1>^1.C<1,1,0>^1 + (144)C<0,1,1>^2.C<2,0,0>^1 + (280)C<0,2,0>^1.C<1,0,1>^2
[0, 1, 0, 0, 0, 1, 1, 0, 0]: L483 : L477 + L482     : (12328)C<0,0,2>^1.C<0,2,0>^1.C<2,0,0>^1 + (52)C<0,0,2>^1.C<1,1,0>^2 + (100)C<0,1,1>^1.C<1,0,1>^1.C<1,1,0>^1 + (144)C<0,1,1>^2.C<2,0,0>^1 + (20)C<0,2,0>^1.C<1,0,1>^2
[0, 1, 0, 0, 0, 2, 1, 1, 0]: L499 : L483 + L498     : (12520)C<0,0,2>^1.C<0,2,0>^1.C<2,0,0>^1 + (148)C<0,0,2>^1.C<1,1,0>^2 + (340)C<0,1,1>^1.C<1,0,1>^1.C<1,1,0>^1 + (240)C<0,1,1>^2.C<2,0,0>^1 + (164)C<0,2,0>^1.C<1,0,1>^2
[0, 1, 0, 0, 1, 1, 1, 0, 0]: L511 : L499 + L510     : (12424)C<0,0,2>^1.C<0,2,0>^1.C<2,0,0>^1 + (100)C<0,0,2>^1.C<1,1,0>^2 + (292)C<0,1,1>^1.C<1,0,1>^1.C<1,1,0>^1 + (240)C<0,1,1>^2.C<2,0,0>^1 + (116)C<0,2,0>^1.C<1,0,1>^2
[0, 1, 0, 0, 2, 1, 1, 0, 0]: L531 : L511 + L530     : (12640)C<0,0,2>^1.C<0,2,0>^1.C<2,0,0>^1 + (208)C<0,0,2>^1.C<1,1,0>^2 + (400)C<0,1,1>^1.C<1,0,1>^1.C<1,1,0>^1 + (240)C<0,1,1>^2.C<2,0,0>^1 + (224)C<0,2,0>^1.C<1,0,1>^2
[0, 1, 0, 1, 0, 0, 0, 0, 4]: L534 : L531 + L533     : (12832)C<0,0,2>^1.C<0,2,0>^1.C<2,0,0>^1 + (304)C<0,0,2>^1.C<1,1,0>^2 + (400)C<0,1,1>^1.C<1,0,1>^1.C<1,1,0>^1 + (240)C<0,1,1>^2.C<2,0,0>^1 + (224)C<0,2,0>^1.C<1,0,1>^2
[0, 1, 0, 1, 0, 0, 0, 0, 3]: L537 : L534 + L536     : (13216)C<0,0,2>^1.C<0,2,0>^1.C<2,0,0>^1 + (496)C<0,0,2>^1.C<1,1,0>^2 + (400)C<0,1,1>^1.C<1,0,1>^1.C<1,1,0>^1 + (240)C<0,1,1>^2.C<2,0,0>^1 + (224)C<0,2,0>^1.C<1,0,1>^2
[0, 1, 0, 1, 0, 0, 0, 0, 2]: L539 : L537 + L538     : (11168)C<0,0,2>^1.C<0,2,0>^1.C<2,0,0>^1 + (-528)C<0,0,2>^1.C<1,1,0>^2 + (400)C<0,1,1>^1.C<1,0,1>^1.C<1,1,0>^1 + (240)C<0,1,1>^2.C<2,0,0>^1 + (224)C<0,2,0>^1.C<1,0,1>^2
[0, 1, 0, 1, 0, 0, 0, 0, 1]: L541 : L539 + L540     : (8928)C<0,0,2>^1.C<0,2,0>^1.C<2,0,0>^1 + (-1648)C<0,0,2>^1.C<1,1,0>^2 + (400)C<0,1,1>^1.C<1,0,1>^1.C<1,1,0>^1 + (240)C<0,1,1>^2.C<2,0,0>^1 + (224)C<0,2,0>^1.C<1,0,1>^2
[0, 1, 0, 1, 0, 1, 0, 1, 2]: L547 : L541 + L546     : (9312)C<0,0,2>^1.C<0,2,0>^1.C<2,0,0>^1 + (-1456)C<0,0,2>^1.C<1,1,0>^2 + (592)C<0,1,1>^1.C<1,0,1>^1.C<1,1,0>^1 + (432)C<0,1,1>^2.C<2,0,0>^1 + (224)C<0,2,0>^1.C<1,0,1>^2
[0, 1, 0, 1, 0, 1, 0, 1, 1]: L552 : L547 + L551     : (9888)C<0,0,2>^1.C<0,2,0>^1.C<2,0,0>^1 + (-1168)C<0,0,2>^1.C<1,1,0>^2 + (880)C<0,1,1>^1.C<1,0,1>^1.C<1,1,0>^1 + (720)C<0,1,1>^2.C<2,0,0>^1 + (224)C<0,2,0>^1.C<1,0,1>^2
[0, 1, 0, 1, 0, 1, 0, 1, 0]: L557 : L552 + L556     : (7776)C<0,0,2>^1.C<0,2,0>^1.C<2,0,0>^1 + (-2224)C<0,0,2>^1.C<1,1,0>^2 + (-176)C<0,1,1>^1.C<1,0,1>^1.C<1,1,0>^1 + (-336)C<0,1,1>^2.C<2,0,0>^1 + (224)C<0,2,0>^1.C<1,0,1>^2
[0, 1, 0, 1, 0, 2, 0, 2, 0]: L570 : L557 + L569     : (8160)C<0,0,2>^1.C<0,2,0>^1.C<2,0,0>^1 + (-2032)C<0,0,2>^1.C<1,1,0>^2 + (16)C<0,1,1>^1.C<1,0,1>^1.C<1,1,0>^1 + (-144)C<0,1,1>^2.C<2,0,0>^1 + (224)C<0,2,0>^1.C<1,0,1>^2
[0, 1, 0, 1, 1, 0, 0, 0, 2]: L572 : L570 + L571     : (8352)C<0,0,2>^1.C<0,2,0>^1.C<2,0,0>^1 + (-1936)C<0,0,2>^1.C<1,1,0>^2 + (16)C<0,1,1>^1.C<1,0,1>^1.C<1,1,0>^1 + (-144)C<0,1,1>^2.C<2,0,0>^1 + (224)C<0,2,0>^1.C<1,0,1>^2
[0, 1, 0, 1, 1, 0, 0, 0, 1]: L574 : L572 + L573     : (8544)C<0,0,2>^1.C<0,2,0>^1.C<2,0,0>^1 + (-1840)C<0,0,2>^1.C<1,1,0>^2 + (16)C<0,1,1>^1.C<1,0,1>^1.C<1,1,0>^1 + (-144)C<0,1,1>^2.C<2,0,0>^1 + (224)C<0,2,0>^1.C<1,0,1>^2
[0, 1, 0, 1, 2, 0, 0, 0, 2]: L577 : L574 + L576     : (8928)C<0,0,2>^1.C<0,2,0>^1.C<2,0,0>^1 + (-1648)C<0,0,2>^1.C<1,1,0>^2 + (16)C<0,1,1>^1.C<1,0,1>^1.C<1,1,0>^1 + (-144)C<0,1,1>^2.C<2,0,0>^1 + (224)C<0,2,0>^1.C<1,0,1>^2
[0, 1, 0, 1, 2, 0, 0, 0, 1]: L580 : L577 + L579     : (9312)C<0,0,2>^1.C<0,2,0>^1.C<2,0,0>^1 + (-1456)C<0,0,2>^1.C<1,1,0>^2 + (16)C<0,1,1>^1.C<1,0,1>^1.C<1,1,0>^1 + (-144)C<0,1,1>^2.C<2,0,0>^1 + (224)C<0,2,0>^1.C<1,0,1>^2
[0, 1, 0, 1, 2, 1, 0, 1, 0]: L595 : L580 + L594     : (9696)C<0,0,2>^1.C<0,2,0>^1.C<2,0,0>^1 + (-1264)C<0,0,2>^1.C<1,1,0>^2 + (208)C<0,1,1>^1.C<1,0,1>^1.C<1,1,0>^1 + (48)C<0,1,1>^2.C<2,0,0>^1 + (224)C<0,2,0>^1.C<1,0,1>^2
[0, 1, 0, 1, 4, 0, 0, 0, 0]: L603 : L595 + L602     : (9888)C<0,0,2>^1.C<0,2,0>^1.C<2,0,0>^1 + (-1168)C<0,0,2>^1.C<1,1,0>^2 + (208)C<0,1,1>^1.C<1,0,1>^1.C<1,1,0>^1 + (48)C<0,1,1>^2.C<2,0,0>^1 + (224)C<0,2,0>^1.C<1,0,1>^2
[0, 1, 0, 1, 3, 0, 0, 0, 0]: L605 : L603 + L604     : (10080)C<0,0,2>^1.C<0,2,0>^1.C<2,0,0>^1 + (-1072)C<0,0,2>^1.C<1,1,0>^2 + (208)C<0,1,1>^1.C<1,0,1>^1.C<1,1,0>^1 + (48)C<0,1,1>^2.C<2,0,0>^1 + (224)C<0,2,0>^1.C<1,0,1>^2
[0, 1, 0, 1, 2, 0, 0, 0, 0]: L607 : L605 + L606     : (7904)C<0,0,2>^1.C<0,2,0>^1.C<2,0,0>^1 + (-2160)C<0,0,2>^1.C<1,1,0>^2 + (208)C<0,1,1>^1.C<1,0,1>^1.C<1,1,0>^1 + (48)C<0,1,1>^2.C<2,0,0>^1 + (224)C<0,2,0>^1.C<1,0,1>^2
[0, 1, 0, 1, 1, 0, 0, 0, 0]: L609 : L607 + L608     : (6816)C<0,0,2>^1.C<0,2,0>^1.C<2,0,0>^1 + (-2704)C<0,0,2>^1.C<1,1,0>^2 + (208)C<0,1,1>^1.C<1,0,1>^1.C<1,1,0>^1 + (48)C<0,1,1>^2.C<2,0,0>^1 + (224)C<0,2,0>^1.C<1,0,1>^2
[0, 1, 0, 1, 0, 0, 0, 0, 0]: L611 : L609 + L610     : (12768)C<0,0,2>^1.C<0,2,0>^1.C<2,0,0>^1 + (272)C<0,0,2>^1.C<1,1,0>^2 + (208)C<0,1,1>^1.C<1,0,1>^1.C<1,1,0>^1 + (48)C<0,1,1>^2.C<2,0,0>^1 + (224)C<0,2,0>^1.C<1,0,1>^2
[0, 1, 1, 0, 0, 1, 2, 0, 0]: L622 : L611 + L621     : (12960)C<0,0,2>^1.C<0,2,0>^1.C<2,0,0>^1 + (368)C<0,0,2>^1.C<1,1,0>^2 + (304)C<0,1,1>^1.C<1,0,1>^1.C<1,1,0>^1 + (48)C<0,1,1>^2.C<2,0,0>^1 + (320)C<0,2,0>^1.C<1,0,1>^2
[0, 1, 1, 1, 0, 0, 1, 0, 2]: L627 : L622 + L626     : (13152)C<0,0,2>^1.C<0,2,0>^1.C<2,0,0>^1 + (464)C<0,0,2>^1.C<1,1,0>^2 + (400)C<0,1,1>^1.C<1,0,1>^1.C<1,1,0>^1 + (48)C<0,1,1>^2.C<2,0,0>^1 + (416)C<0,2,0>^1.C<1,0,1>^2
[0, 1, 1, 1, 0, 0, 1, 0, 1]: L631 : L627 + L630     : (13440)C<0,0,2>^1.C<0,2,0>^1.C<2,0,0>^1 + (608)C<0,0,2>^1.C<1,1,0>^2 + (544)C<0,1,1>^1.C<1,0,1>^1.C<1,1,0>^1 + (48)C<0,1,1>^2.C<2,0,0>^1 + (560)C<0,2,0>^1.C<1,0,1>^2
[0, 1, 1, 1, 0, 0, 1, 0, 0]: L635 : L631 + L634     : (12480)C<0,0,2>^1.C<0,2,0>^1.C<2,0,0>^1 + (128)C<0,0,2>^1.C<1,1,0>^2 + (64)C<0,1,1>^1.C<1,0,1>^1.C<1,1,0>^1 + (48)C<0,1,1>^2.C<2,0,0>^1 + (80)C<0,2,0>^1.C<1,0,1>^2
[0, 1, 1, 1, 0, 1, 1, 1, 0]: L666 : L635 + L665     : (12864)C<0,0,2>^1.C<0,2,0>^1.C<2,0,0>^1 + (320)C<0,0,2>^1.C<1,1,0>^2 + (544)C<0,1,1>^1.C<1,0,1>^1.C<1,1,0>^1 + (336)C<0,1,1>^2.C<2,0,0>^1 + (272)C<0,2,0>^1.C<1,0,1>^2
[0, 1, 1, 1, 1, 0, 1, 0, 0]: L670 : L666 + L669     : (12960)C<0,0,2>^1.C<0,2,0>^1.C<2,0,0>^1 + (368)C<0,0,2>^1.C<1,1,0>^2 + (592)C<0,1,1>^1.C<1,0,1>^1.C<1,1,0>^1 + (336)C<0,1,1>^2.C<2,0,0>^1 + (320)C<0,2,0>^1.C<1,0,1>^2
[0, 1, 1, 1, 2, 0, 1, 0, 0]: L678 : L670 + L677     : (13152)C<0,0,2>^1.C<0,2,0>^1.C<2,0,0>^1 + (464)C<0,0,2>^1.C<1,1,0>^2 + (688)C<0,1,1>^1.C<1,0,1>^1.C<1,1,0>^1 + (336)C<0,1,1>^2.C<2,0,0>^1 + (416)C<0,2,0>^1.C<1,0,1>^2
[0, 1, 1, 2, 0, 0, 0, 1, 0]: L680 : L678 + L679     : (13056)C<0,0,2>^1.C<0,2,0>^1.C<2,0,0>^1 + (416)C<0,0,2>^1.C<1,1,0>^2 + (640)C<0,1,1>^1.C<1,0,1>^1.C<1,1,0>^1 + (336)C<0,1,1>^2.C<2,0,0>^1 + (368)C<0,2,0>^1.C<1,0,1>^2
[0, 1, 2, 1, 0, 0, 2, 0, 0]: L681 : L383 * L214     : (4)C<1,1,0>^1.C<2,0,0>^1
[0, 2, 0, 1, 0, 1, 1, 0, 0]: L693 : L681 + L692     : (192)C<0,0,2>^1.C<0,2,0>^1.C<2,0,0>^1 + (96)C<0,0,2>^1.C<1,1,0>^2 + (96)C<0,1,1>^1.C<1,0,1>^1.C<1,1,0>^1 + (48)C<0,1,1>^2.C<2,0,0>^1 + (48)C<0,2,0>^1.C<1,0,1>^2 + (4)C<1,1,0>^1.C<2,0,0>^1
[0, 2, 0, 2, 0, 0, 0, 0, 2]: L696 : L693 + L695     : (576)C<0,0,2>^1.C<0,2,0>^1.C<2,0,0>^1 + (288)C<0,0,2>^1.C<1,1,0>^2 + (96)C<0,1,1>^1.C<1,0,1>^1.C<1,1,0>^1 + (48)C<0,1,1>^2.C<2,0,0>^1 + (48)C<0,2,0>^1.C<1,0,1>^2 + (4)C<1,1,0>^1.C<2,0,0>^1
[0, 2, 0, 2, 0, 0, 0, 0, 1]: L699 : L696 + L698     : (960)C<0,0,2>^1.C<0,2,0>^1.C<2,0,0>^1 + (480)C<0,0,2>^1.C<1,1,0>^2 + (96)C<0,1,1>^1.C<1,0,1>^1.C<1,1,0>^1 + (48)C<0,1,1>^2.C<2,0,0>^1 + (48)C<0,2,0>^1.C<1,0,1>^2 + (4)C<1,1,0>^1.C<2,0,0>^1
[0, 2, 0, 2, 0, 1, 0, 1, 0]: L719 : L699 + L718     : (1344)C<0,0,2>^1.C<0,2,0>^1.C<2,0,0>^1 + (672)C<0,0,2>^1.C<1,1,0>^2 + (288)C<0,1,1>^1.C<1,0,1>^1.C<1,1,0>^1 + (144)C<0,1,1>^2.C<2,0,0>^1 + (144)C<0,2,0>^1.C<1,0,1>^2 + (4)C<1,1,0>^1.C<2,0,0>^1
[0, 2, 0, 2, 2, 0, 0, 0, 0]: L735 : L719 + L734     : (1728)C<0,0,2>^1.C<0,2,0>^1.C<2,0,0>^1 + (864)C<0,0,2>^1.C<1,1,0>^2 + (288)C<0,1,1>^1.C<1,0,1>^1.C<1,1,0>^1 + (144)C<0,1,1>^2.C<2,0,0>^1 + (144)C<0,2,0>^1.C<1,0,1>^2 + (4)C<1,1,0>^1.C<2,0,0>^1
[0, 2, 0, 2, 1, 0, 0, 0, 0]: L737 : L735 + L736     : (2112)C<0,0,2>^1.C<0,2,0>^1.C<2,0,0>^1 + (1056)C<0,0,2>^1.C<1,1,0>^2 + (288)C<0,1,1>^1.C<1,0,1>^1.C<1,1,0>^1 + (144)C<0,1,1>^2.C<2,0,0>^1 + (144)C<0,2,0>^1.C<1,0,1>^2 + (4)C<1,1,0>^1.C<2,0,0>^1
[0, 2, 0, 2, 0, 0, 0, 0, 0]: L739 : L737 + L738     : (192)C<0,0,2>^1.C<0,2,0>^1.C<2,0,0>^1 + (96)C<0,0,2>^1.C<1,1,0>^2 + (288)C<0,1,1>^1.C<1,0,1>^1.C<1,1,0>^1 + (144)C<0,1,1>^2.C<2,0,0>^1 + (144)C<0,2,0>^1.C<1,0,1>^2 + (4)C<1,1,0>^1.C<2,0,0>^1
[0, 2, 1, 2, 0, 0, 1, 0, 0]: L740 : L181 * L181     : (4)C<2,0,0>^2
[0, 3, 0, 3, 0, 0, 0, 0, 0]: L744 : 3 * L740        : (12)C<2,0,0>^2
[1, 0, 0, 0, 0, 0, 0, 0, 4]: L746 : L744 + L745     : (-192)C<0,0,2>^1.C<0,2,0>^1.C<2,0,0>^1 + (12)C<2,0,0>^2
[1, 0, 0, 0, 0, 0, 0, 0, 3]: L748 : L746 + L747     : (-576)C<0,0,2>^1.C<0,2,0>^1.C<2,0,0>^1 + (12)C<2,0,0>^2
[1, 0, 0, 0, 0, 0, 0, 0, 2]: L750 : L748 + L749     : (1664)C<0,0,2>^1.C<0,2,0>^1.C<2,0,0>^1 + (12)C<2,0,0>^2
[1, 0, 0, 0, 0, 0, 0, 0, 1]: L752 : L750 + L751     : (4096)C<0,0,2>^1.C<0,2,0>^1.C<2,0,0>^1 + (12)C<2,0,0>^2
[1, 0, 0, 0, 0, 1, 0, 1, 2]: L757 : L752 + L756     : (3712)C<0,0,2>^1.C<0,2,0>^1.C<2,0,0>^1 + (-192)C<0,1,1>^2.C<2,0,0>^1 + (12)C<2,0,0>^2
[1, 0, 0, 0, 0, 1, 0, 1, 1]: L762 : L757 + L761     : (3136)C<0,0,2>^1.C<0,2,0>^1.C<2,0,0>^1 + (-480)C<0,1,1>^2.C<2,0,0>^1 + (12)C<2,0,0>^2
[1, 0, 0, 0, 0, 1, 0, 1, 0]: L767 : L762 + L766     : (5376)C<0,0,2>^1.C<0,2,0>^1.C<2,0,0>^1 + (640)C<0,1,1>^2.C<2,0,0>^1 + (12)C<2,0,0>^2
[1, 0, 0, 0, 0, 2, 0, 2, 0]: L773 : L767 + L772     : (4992)C<0,0,2>^1.C<0,2,0>^1.C<2,0,0>^1 + (448)C<0,1,1>^2.C<2,0,0>^1 + (12)C<2,0,0>^2
[1, 0, 0, 0, 1, 1, 0, 1, 0]: L777 : L773 + L776     : (5184)C<0,0,2>^1.C<0,2,0>^1.C<2,0,0>^1 + (544)C<0,1,1>^2.C<2,0,0>^1 + (12)C<2,0,0>^2
[1, 0, 0, 0, 2, 0, 0, 0, 2]: L779 : L777 + L778     : (4800)C<0,0,2>^1.C<0,2,0>^1.C<2,0,0>^1 + (544)C<0,1,1>^2.C<2,0,0>^1 + (12)C<2,0,0>^2
[1, 0, 0, 0, 2, 0, 0, 0, 1]: L781 : L779 + L780     : (4416)C<0,0,2>^1.C<0,2,0>^1.C<2,0,0>^1 + (544)C<0,1,1>^2.C<2,0,0>^1 + (12)C<2,0,0>^2
[1, 0, 0, 0, 2, 1, 0, 1, 0]: L788 : L781 + L787     : (4032)C<0,0,2>^1.C<0,2,0>^1.C<2,0,0>^1 + (352)C<0,1,1>^2.C<2,0,0>^1 + (12)C<2,0,0>^2
[1, 0, 0, 0, 4, 0, 0, 0, 0]: L790 : L788 + L789     : (3840)C<0,0,2>^1.C<0,2,0>^1.C<2,0,0>^1 + (352)C<0,1,1>^2.C<2,0,0>^1 + (12)C<2,0,0>^2
[1, 0, 0, 0, 2, 0, 0, 0, 0]: L792 : L790 + L791     : (6272)C<0,0,2>^1.C<0,2,0>^1.C<2,0,0>^1 + (352)C<0,1,1>^2.C<2,0,0>^1 + (12)C<2,0,0>^2
[1, 0, 1, 0, 0, 0, 1, 0, 2]: L796 : L792 + L795     : (5696)C<0,0,2>^1.C<0,2,0>^1.C<2,0,0>^1 + (352)C<0,1,1>^2.C<2,0,0>^1 + (-288)C<0,2,0>^1.C<1,0,1>^2 + (12)C<2,0,0>^2
[1, 0, 1, 0, 0, 0, 1, 0, 1]: L800 : L796 + L799     : (4800)C<0,0,2>^1.C<0,2,0>^1.C<2,0,0>^1 + (352)C<0,1,1>^2.C<2,0,0>^1 + (-736)C<0,2,0>^1.C<1,0,1>^2 + (12)C<2,0,0>^2
[1, 0, 1, 0, 0, 0, 1, 0, 0]: L804 : L800 + L803     : (7968)C<0,0,2>^1.C<0,2,0>^1.C<2,0,0>^1 + (352)C<0,1,1>^2.C<2,0,0>^1 + (848)C<0,2,0>^1.C<1,0,1>^2 + (12)C<2,0,0>^2
[1, 0, 1, 0, 0, 1, 1, 1, 0]: L818 : L804 + L817     : (7392)C<0,0,2>^1.C<0,2,0>^1.C<2,0,0>^1 + (-144)C<0,0,2>^1.C<1,1,0>^2 + (-432)C<0,1,1>^1.C<1,0,1>^1.C<1,1,0>^1 + (64)C<0,1,1>^2.C<2,0,0>^1 + (560)C<0,2,0>^1.C<1,0,1>^2 + (12)C<2,0,0>^2
[1, 0, 1, 0, 2, 0, 1, 0, 0]: L822 : L818 + L821     : (6816)C<0,0,2>^1.C<0,2,0>^1.C<2,0,0>^1 + (-144)C<0,0,2>^1.C<1,1,0>^2 + (-432)C<0,1,1>^1.C<1,0,1>^1.C<1,1,0>^1 + (64)C<0,1,1>^2.C<2,0,0>^1 + (272)C<0,2,0>^1.C<1,0,1>^2 + (12)C<2,0,0>^2
[1, 0, 1, 1, 0, 0, 0, 1, 0]: L828 : L822 + L827     : (6816)C<0,0,2>^1.C<0,2,0>^1.C<2,0,0>^1 + (-80)C<0,0,2>^1.C<1,1,0>^2 + (-368)C<0,1,1>^1.C<1,0,1>^1.C<1,1,0>^1 + (64)C<0,1,1>^2.C<2,0,0>^1 + (272)C<0,2,0>^1.C<1,0,1>^2 + (12)C<2,0,0>^2
[1, 0, 2, 0, 0, 0, 2, 0, 0]: L835 : L828 + L834     : (6048)C<0,0,2>^1.C<0,2,0>^1.C<2,0,0>^1 + (-80)C<0,0,2>^1.C<1,1,0>^2 + (-368)C<0,1,1>^1.C<1,0,1>^1.C<1,1,0>^1 + (64)C<0,1,1>^2.C<2,0,0>^1 + (-112)C<0,2,0>^1.C<1,0,1>^2 + (12)C<2,0,0>^2
[1, 1, 0, 0, 0, 1, 1, 0, 0]: L845 : L835 + L844     : (5888)C<0,0,2>^1.C<0,2,0>^1.C<2,0,0>^1 + (-160)C<0,0,2>^1.C<1,1,0>^2 + (-448)C<0,1,1>^1.C<1,0,1>^1.C<1,1,0>^1 + (64)C<0,1,1>^2.C<2,0,0>^1 + (-192)C<0,2,0>^1.C<1,0,1>^2 + (12)C<2,0,0>^2
[1, 1, 0, 1, 0, 0, 0, 0, 2]: L848 : L845 + L847     : (5312)C<0,0,2>^1.C<0,2,0>^1.C<2,0,0>^1 + (-448)C<0,0,2>^1.C<1,1,0>^2 + (-448)C<0,1,1>^1.C<1,0,1>^1.C<1,1,0>^1 + (64)C<0,1,1>^2.C<2,0,0>^1 + (-192)C<0,2,0>^1.C<1,0,1>^2 + (12)C<2,0,0>^2
[1, 1, 0, 1, 0, 0, 0, 0, 1]: L851 : L848 + L850     : (4736)C<0,0,2>^1.C<0,2,0>^1.C<2,0,0>^1 + (-736)C<0,0,2>^1.C<1,1,0>^2 + (-448)C<0,1,1>^1.C<1,0,1>^1.C<1,1,0>^1 + (64)C<0,1,1>^2.C<2,0,0>^1 + (-192)C<0,2,0>^1.C<1,0,1>^2 + (12)C<2,0,0>^2
[1, 1, 0, 1, 0, 1, 0, 1, 0]: L861 : L851 + L860     : (4160)C<0,0,2>^1.C<0,2,0>^1.C<2,0,0>^1 + (-1024)C<0,0,2>^1.C<1,1,0>^2 + (-736)C<0,1,1>^1.C<1,0,1>^1.C<1,1,0>^1 + (-224)C<0,1,1>^2.C<2,0,0>^1 + (-192)C<0,2,0>^1.C<1,0,1>^2 + (12)C<2,0,0>^2
[1, 1, 0, 1, 2, 0, 0, 0, 0]: L867 : L861 + L866     : (3584)C<0,0,2>^1.C<0,2,0>^1.C<2,0,0>^1 + (-1312)C<0,0,2>^1.C<1,1,0>^2 + (-736)C<0,1,1>^1.C<1,0,1>^1.C<1,1,0>^1 + (-224)C<0,1,1>^2.C<2,0,0>^1 + (-192)C<0,2,0>^1.C<1,0,1>^2 + (12)C<2,0,0>^2
[1, 1, 0, 1, 1, 0, 0, 0, 0]: L869 : L867 + L868     : (3264)C<0,0,2>^1.C<0,2,0>^1.C<2,0,0>^1 + (-1472)C<0,0,2>^1.C<1,1,0>^2 + (-736)C<0,1,1>^1.C<1,0,1>^1.C<1,1,0>^1 + (-224)C<0,1,1>^2.C<2,0,0>^1 + (-192)C<0,2,0>^1.C<1,0,1>^2 + (12)C<2,0,0>^2
[1, 1, 0, 1, 0, 0, 0, 0, 0]: L871 : L869 + L870     : (6592)C<0,0,2>^1.C<0,2,0>^1.C<2,0,0>^1 + (192)C<0,0,2>^1.C<1,1,0>^2 + (-736)C<0,1,1>^1.C<1,0,1>^1.C<1,1,0>^1 + (-224)C<0,1,1>^2.C<2,0,0>^1 + (-192)C<0,2,0>^1.C<1,0,1>^2 + (12)C<2,0,0>^2
[1, 1, 1, 1, 0, 0, 1, 0, 0]: L876 : L871 + L875     : (6208)C<0,0,2>^1.C<0,2,0>^1.C<2,0,0>^1 + (-928)C<0,1,1>^1.C<1,0,1>^1.C<1,1,0>^1 + (-224)C<0,1,1>^2.C<2,0,0>^1 + (-384)C<0,2,0>^1.C<1,0,1>^2 + (12)C<2,0,0>^2
[1, 2, 0, 2, 0, 0, 0, 0, 0]: L887 : L876 + L886     : (5440)C<0,0,2>^1.C<0,2,0>^1.C<2,0,0>^1 + (-384)C<0,0,2>^1.C<1,1,0>^2 + (-928)C<0,1,1>^1.C<1,0,1>^1.C<1,1,0>^1 + (-224)C<0,1,1>^2.C<2,0,0>^1 + (-384)C<0,2,0>^1.C<1,0,1>^2 + (12)C<2,0,0>^2
[2, 0, 0, 0, 0, 0, 0, 0, 4]: L890 : L887 + L889     : (5632)C<0,0,2>^1.C<0,2,0>^1.C<2,0,0>^1 + (-384)C<0,0,2>^1.C<1,1,0>^2 + (-928)C<0,1,1>^1.C<1,0,1>^1.C<1,1,0>^1 + (-224)C<0,1,1>^2.C<2,0,0>^1 + (-384)C<0,2,0>^1.C<1,0,1>^2 + (12)C<2,0,0>^2
[2, 0, 0, 0, 0, 0, 0, 0, 3]: L893 : L890 + L892     : (6016)C<0,0,2>^1.C<0,2,0>^1.C<2,0,0>^1 + (-384)C<0,0,2>^1.C<1,1,0>^2 + (-928)C<0,1,1>^1.C<1,0,1>^1.C<1,1,0>^1 + (-224)C<0,1,1>^2.C<2,0,0>^1 + (-384)C<0,2,0>^1.C<1,0,1>^2 + (12)C<2,0,0>^2
[2, 0, 0, 0, 0, 0, 0, 0, 2]: L895 : L893 + L894     : (3968)C<0,0,2>^1.C<0,2,0>^1.C<2,0,0>^1 + (-384)C<0,0,2>^1.C<1,1,0>^2 + (-928)C<0,1,1>^1.C<1,0,1>^1.C<1,1,0>^1 + (-224)C<0,1,1>^2.C<2,0,0>^1 + (-384)C<0,2,0>^1.C<1,0,1>^2 + (12)C<2,0,0>^2
[2, 0, 0, 0, 0, 0, 0, 0, 1]: L897 : L895 + L896     : (1728)C<0,0,2>^1.C<0,2,0>^1.C<2,0,0>^1 + (-384)C<0,0,2>^1.C<1,1,0>^2 + (-928)C<0,1,1>^1.C<1,0,1>^1.C<1,1,0>^1 + (-224)C<0,1,1>^2.C<2,0,0>^1 + (-384)C<0,2,0>^1.C<1,0,1>^2 + (12)C<2,0,0>^2
[2, 0, 0, 0, 0, 1, 0, 1, 2]: L902 : L897 + L901     : (2112)C<0,0,2>^1.C<0,2,0>^1.C<2,0,0>^1 + (-384)C<0,0,2>^1.C<1,1,0>^2 + (-928)C<0,1,1>^1.C<1,0,1>^1.C<1,1,0>^1 + (-32)C<0,1,1>^2.C<2,0,0>^1 + (-384)C<0,2,0>^1.C<1,0,1>^2 + (12)C<2,0,0>^2
[2, 0, 0, 0, 0, 1, 0, 1, 1]: L907 : L902 + L906     : (2688)C<0,0,2>^1.C<0,2,0>^1.C<2,0,0>^1 + (-384)C<0,0,2>^1.C<1,1,0>^2 + (-928)C<0,1,1>^1.C<1,0,1>^1.C<1,1,0>^1 + (256)C<0,1,1>^2.C<2,0,0>^1 + (-384)C<0,2,0>^1.C<1,0,1>^2 + (12)C<2,0,0>^2
[2, 0, 0, 0, 0, 1, 0, 1, 0]: L912 : L907 + L911     : (640)C<0,0,2>^1.C<0,2,0>^1.C<2,0,0>^1 + (-384)C<0,0,2>^1.C<1,1,0>^2 + (-928)C<0,1,1>^1.C<1,0,1>^1.C<1,1,0>^1 + (-768)C<0,1,1>^2.C<2,0,0>^1 + (-384)C<0,2,0>^1.C<1,0,1>^2 + (12)C<2,0,0>^2
[2, 0, 0, 0, 0, 2, 0, 2, 0]: L921 : L912 + L920     : (1024)C<0,0,2>^1.C<0,2,0>^1.C<2,0,0>^1 + (-384)C<0,0,2>^1.C<1,1,0>^2 + (-928)C<0,1,1>^1.C<1,0,1>^1.C<1,1,0>^1 + (-576)C<0,1,1>^2.C<2,0,0>^1 + (-384)C<0,2,0>^1.C<1,0,1>^2 + (12)C<2,0,0>^2
[2, 0, 0, 0, 1, 1, 0, 1, 0]: L925 : L921 + L924     : (832)C<0,0,2>^1.C<0,2,0>^1.C<2,0,0>^1 + (-384)C<0,0,2>^1.C<1,1,0>^2 + (-928)C<0,1,1>^1.C<1,0,1>^1.C<1,1,0>^1 + (-672)C<0,1,1>^2.C<2,0,0>^1 + (-384)C<0,2,0>^1.C<1,0,1>^2 + (12)C<2,0,0>^2
[2, 0, 0, 0, 2, 0, 0, 0, 2]: L928 : L925 + L927     : (1216)C<0,0,2>^1.C<0,2,0>^1.C<2,0,0>^1 + (-384)C<0,0,2>^1.C<1,1,0>^2 + (-928)C<0,1,1>^1.C<1,0,1>^1.C<1,1,0>^1 + (-672)C<0,1,1>^2.C<2,0,0>^1 + (-384)C<0,2,0>^1.C<1,0,1>^2 + (12)C<2,0,0>^2
[2, 0, 0, 0, 2, 0, 0, 0, 1]: L931 : L928 + L930     : (1600)C<0,0,2>^1.C<0,2,0>^1.C<2,0,0>^1 + (-384)C<0,0,2>^1.C<1,1,0>^2 + (-928)C<0,1,1>^1.C<1,0,1>^1.C<1,1,0>^1 + (-672)C<0,1,1>^2.C<2,0,0>^1 + (-384)C<0,2,0>^1.C<1,0,1>^2 + (12)C<2,0,0>^2
[2, 0, 0, 0, 2, 1, 0, 1, 0]: L939 : L931 + L938     : (1984)C<0,0,2>^1.C<0,2,0>^1.C<2,0,0>^1 + (-384)C<0,0,2>^1.C<1,1,0>^2 + (-928)C<0,1,1>^1.C<1,0,1>^1.C<1,1,0>^1 + (-480)C<0,1,1>^2.C<2,0,0>^1 + (-384)C<0,2,0>^1.C<1,0,1>^2 + (12)C<2,0,0>^2
[2, 0, 0, 0, 4, 0, 0, 0, 0]: L943 : L939 + L942     : (2176)C<0,0,2>^1.C<0,2,0>^1.C<2,0,0>^1 + (-384)C<0,0,2>^1.C<1,1,0>^2 + (-928)C<0,1,1>^1.C<1,0,1>^1.C<1,1,0>^1 + (-480)C<0,1,1>^2.C<2,0,0>^1 + (-384)C<0,2,0>^1.C<1,0,1>^2 + (12)C<2,0,0>^2
[2, 0, 0, 0, 2, 0, 0, 0, 0]: L945 : L943 + L944     : (-64)C<0,0,2>^1.C<0,2,0>^1.C<2,0,0>^1 + (-384)C<0,0,2>^1.C<1,1,0>^2 + (-928)C<0,1,1>^1.C<1,0,1>^1.C<1,1,0>^1 + (-480)C<0,1,1>^2.C<2,0,0>^1 + (-384)C<0,2,0>^1.C<1,0,1>^2 + (12)C<2,0,0>^2
[2, 0, 1, 0, 0, 0, 1, 0, 2]: L952 : L945 + L951     : (320)C<0,0,2>^1.C<0,2,0>^1.C<2,0,0>^1 + (-384)C<0,0,2>^1.C<1,1,0>^2 + (-928)C<0,1,1>^1.C<1,0,1>^1.C<1,1,0>^1 + (-480)C<0,1,1>^2.C<2,0,0>^1 + (-192)C<0,2,0>^1.C<1,0,1>^2 + (12)C<2,0,0>^2
[2, 0, 1, 0, 0, 0, 1, 0, 1]: L959 : L952 + L958     : (896)C<0,0,2>^1.C<0,2,0>^1.C<2,0,0>^1 + (-384)C<0,0,2>^1.C<1,1,0>^2 + (-928)C<0,1,1>^1.C<1,0,1>^1.C<1,1,0>^1 + (-480)C<0,1,1>^2.C<2,0,0>^1 + (96)C<0,2,0>^1.C<1,0,1>^2 + (12)C<2,0,0>^2
[2, 0, 1, 0, 0, 0, 1, 0, 0]: L965 : L959 + L964     : (-800)C<0,0,2>^1.C<0,2,0>^1.C<2,0,0>^1 + (-384)C<0,0,2>^1.C<1,1,0>^2 + (-928)C<0,1,1>^1.C<1,0,1>^1.C<1,1,0>^1 + (-480)C<0,1,1>^2.C<2,0,0>^1 + (-752)C<0,2,0>^1.C<1,0,1>^2 + (12)C<2,0,0>^2
[2, 0, 1, 0, 0, 1, 1, 1, 0]: L985 : L965 + L984     : (-416)C<0,0,2>^1.C<0,2,0>^1.C<2,0,0>^1 + (-288)C<0,0,2>^1.C<1,1,0>^2 + (-640)C<0,1,1>^1.C<1,0,1>^1.C<1,1,0>^1 + (-288)C<0,1,1>^2.C<2,0,0>^1 + (-560)C<0,2,0>^1.C<1,0,1>^2 + (12)C<2,0,0>^2
[2, 0, 1, 0, 2, 0, 1, 0, 0]: L993 : L985 + L992     : (-32)C<0,0,2>^1.C<0,2,0>^1.C<2,0,0>^1 + (-288)C<0,0,2>^1.C<1,1,0>^2 + (-640)C<0,1,1>^1.C<1,0,1>^1.C<1,1,0>^1 + (-288)C<0,1,1>^2.C<2,0,0>^1 + (-368)C<0,2,0>^1.C<1,0,1>^2 + (12)C<2,0,0>^2
[2, 0, 1, 1, 0, 0, 0, 1, 0]: L1001: L993 + L1000    : (-32)C<0,0,2>^1.C<0,2,0>^1.C<2,0,0>^1 + (-336)C<0,0,2>^1.C<1,1,0>^2 + (-688)C<0,1,1>^1.C<1,0,1>^1.C<1,1,0>^1 + (-288)C<0,1,1>^2.C<2,0,0>^1 + (-368)C<0,2,0>^1.C<1,0,1>^2 + (12)C<2,0,0>^2
[2, 0, 2, 0, 0, 0, 2, 0, 0]: L1011: L1001 + L1010   : (352)C<0,0,2>^1.C<0,2,0>^1.C<2,0,0>^1 + (-336)C<0,0,2>^1.C<1,1,0>^2 + (-688)C<0,1,1>^1.C<1,0,1>^1.C<1,1,0>^1 + (-288)C<0,1,1>^2.C<2,0,0>^1 + (-176)C<0,2,0>^1.C<1,0,1>^2 + (12)C<2,0,0>^2
[2, 1, 0, 0, 0, 1, 1, 0, 0]: L1024: L1011 + L1023   : (448)C<0,0,2>^1.C<0,2,0>^1.C<2,0,0>^1 + (-288)C<0,0,2>^1.C<1,1,0>^2 + (-640)C<0,1,1>^1.C<1,0,1>^1.C<1,1,0>^1 + (-288)C<0,1,1>^2.C<2,0,0>^1 + (-128)C<0,2,0>^1.C<1,0,1>^2 + (12)C<2,0,0>^2
[2, 1, 0, 1, 0, 0, 0, 0, 2]: L1027: L1024 + L1026   : (832)C<0,0,2>^1.C<0,2,0>^1.C<2,0,0>^1 + (-96)C<0,0,2>^1.C<1,1,0>^2 + (-640)C<0,1,1>^1.C<1,0,1>^1.C<1,1,0>^1 + (-288)C<0,1,1>^2.C<2,0,0>^1 + (-128)C<0,2,0>^1.C<1,0,1>^2 + (12)C<2,0,0>^2
[2, 1, 0, 1, 0, 0, 0, 0, 1]: L1030: L1027 + L1029   : (1216)C<0,0,2>^1.C<0,2,0>^1.C<2,0,0>^1 + (96)C<0,0,2>^1.C<1,1,0>^2 + (-640)C<0,1,1>^1.C<1,0,1>^1.C<1,1,0>^1 + (-288)C<0,1,1>^2.C<2,0,0>^1 + (-128)C<0,2,0>^1.C<1,0,1>^2 + (12)C<2,0,0>^2
[2, 1, 0, 1, 0, 1, 0, 1, 0]: L1046: L1030 + L1045   : (1600)C<0,0,2>^1.C<0,2,0>^1.C<2,0,0>^1 + (288)C<0,0,2>^1.C<1,1,0>^2 + (-448)C<0,1,1>^1.C<1,0,1>^1.C<1,1,0>^1 + (-96)C<0,1,1>^2.C<2,0,0>^1 + (-128)C<0,2,0>^1.C<1,0,1>^2 + (12)C<2,0,0>^2
[2, 1, 0, 1, 2, 0, 0, 0, 0]: L1056: L1046 + L1055   : (1984)C<0,0,2>^1.C<0,2,0>^1.C<2,0,0>^1 + (480)C<0,0,2>^1.C<1,1,0>^2 + (-448)C<0,1,1>^1.C<1,0,1>^1.C<1,1,0>^1 + (-96)C<0,1,1>^2.C<2,0,0>^1 + (-128)C<0,2,0>^1.C<1,0,1>^2 + (12)C<2,0,0>^2
[2, 1, 0, 1, 1, 0, 0, 0, 0]: L1058: L1056 + L1057   : (2176)C<0,0,2>^1.C<0,2,0>^1.C<2,0,0>^1 + (576)C<0,0,2>^1.C<1,1,0>^2 + (-448)C<0,1,1>^1.C<1,0,1>^1.C<1,1,0>^1 + (-96)C<0,1,1>^2.C<2,0,0>^1 + (-128)C<0,2,0>^1.C<1,0,1>^2 + (12)C<2,0,0>^2
[2, 1, 0, 1, 0, 0, 0, 0, 0]: L1060: L1058 + L1059   : (384)C<0,0,2>^1.C<0,2,0>^1.C<2,0,0>^1 + (-320)C<0,0,2>^1.C<1,1,0>^2 + (-448)C<0,1,1>^1.C<1,0,1>^1.C<1,1,0>^1 + (-96)C<0,1,1>^2.C<2,0,0>^1 + (-128)C<0,2,0>^1.C<1,0,1>^2 + (12)C<2,0,0>^2
[2, 1, 1, 1, 0, 0, 1, 0, 0]: L1067: L1060 + L1066   : (576)C<0,0,2>^1.C<0,2,0>^1.C<2,0,0>^1 + (-224)C<0,0,2>^1.C<1,1,0>^2 + (-352)C<0,1,1>^1.C<1,0,1>^1.C<1,1,0>^1 + (-96)C<0,1,1>^2.C<2,0,0>^1 + (-32)C<0,2,0>^1.C<1,0,1>^2 + (12)C<2,0,0>^2
[2, 2, 0, 2, 0, 0, 0, 0, 0]: L1086: L1067 + L1085   : (960)C<0,0,2>^1.C<0,2,0>^1.C<2,0,0>^1 + (-32)C<0,0,2>^1.C<1,1,0>^2 + (-352)C<0,1,1>^1.C<1,0,1>^1.C<1,1,0>^1 + (-96)C<0,1,1>^2.C<2,0,0>^1 + (-32)C<0,2,0>^1.C<1,0,1>^2 + (12)C<2,0,0>^2
[3, 0, 0, 0, 0, 0, 0, 0, 2]: L1088: L1086 + L1087   : (576)C<0,0,2>^1.C<0,2,0>^1.C<2,0,0>^1 + (-32)C<0,0,2>^1.C<1,1,0>^2 + (-352)C<0,1,1>^1.C<1,0,1>^1.C<1,1,0>^1 + (-96)C<0,1,1>^2.C<2,0,0>^1 + (-32)C<0,2,0>^1.C<1,0,1>^2 + (12)C<2,0,0>^2
[3, 0, 0, 0, 0, 0, 0, 0, 1]: L1090: L1088 + L1089   : (192)C<0,0,2>^1.C<0,2,0>^1.C<2,0,0>^1 + (-32)C<0,0,2>^1.C<1,1,0>^2 + (-352)C<0,1,1>^1.C<1,0,1>^1.C<1,1,0>^1 + (-96)C<0,1,1>^2.C<2,0,0>^1 + (-32)C<0,2,0>^1.C<1,0,1>^2 + (12)C<2,0,0>^2
[3, 0, 0, 0, 0, 1, 0, 1, 0]: L1095: L1090 + L1094   : (-192)C<0,0,2>^1.C<0,2,0>^1.C<2,0,0>^1 + (-32)C<0,0,2>^1.C<1,1,0>^2 + (-352)C<0,1,1>^1.C<1,0,1>^1.C<1,1,0>^1 + (-288)C<0,1,1>^2.C<2,0,0>^1 + (-32)C<0,2,0>^1.C<1,0,1>^2 + (12)C<2,0,0>^2
[3, 0, 0, 0, 2, 0, 0, 0, 0]: L1097: L1095 + L1096   : (-576)C<0,0,2>^1.C<0,2,0>^1.C<2,0,0>^1 + (-32)C<0,0,2>^1.C<1,1,0>^2 + (-352)C<0,1,1>^1.C<1,0,1>^1.C<1,1,0>^1 + (-288)C<0,1,1>^2.C<2,0,0>^1 + (-32)C<0,2,0>^1.C<1,0,1>^2 + (12)C<2,0,0>^2
[3, 0, 1, 0, 0, 0, 1, 0, 0]: L1104: L1097 + L1103   : (-1152)C<0,0,2>^1.C<0,2,0>^1.C<2,0,0>^1 + (-32)C<0,0,2>^1.C<1,1,0>^2 + (-352)C<0,1,1>^1.C<1,0,1>^1.C<1,1,0>^1 + (-288)C<0,1,1>^2.C<2,0,0>^1 + (-320)C<0,2,0>^1.C<1,0,1>^2 + (12)C<2,0,0>^2
[3, 1, 0, 1, 0, 0, 0, 0, 0]: L1116: L1104 + L1115   : (-1728)C<0,0,2>^1.C<0,2,0>^1.C<2,0,0>^1 + (-320)C<0,0,2>^1.C<1,1,0>^2 + (-352)C<0,1,1>^1.C<1,0,1>^1.C<1,1,0>^1 + (-288)C<0,1,1>^2.C<2,0,0>^1 + (-320)C<0,2,0>^1.C<1,0,1>^2 + (12)C<2,0,0>^2
[4, 0, 0, 0, 0, 0, 0, 0, 2]: L1119: L1116 + L1118   : (-1536)C<0,0,2>^1.C<0,2,0>^1.C<2,0,0>^1 + (-320)C<0,0,2>^1.C<1,1,0>^2 + (-352)C<0,1,1>^1.C<1,0,1>^1.C<1,1,0>^1 + (-288)C<0,1,1>^2.C<2,0,0>^1 + (-320)C<0,2,0>^1.C<1,0,1>^2 + (12)C<2,0,0>^2
[4, 0, 0, 0, 0, 0, 0, 0, 1]: L1122: L1119 + L1121   : (-1344)C<0,0,2>^1.C<0,2,0>^1.C<2,0,0>^1 + (-320)C<0,0,2>^1.C<1,1,0>^2 + (-352)C<0,1,1>^1.C<1,0,1>^1.C<1,1,0>^1 + (-288)C<0,1,1>^2.C<2,0,0>^1 + (-320)C<0,2,0>^1.C<1,0,1>^2 + (12)C<2,0,0>^2
[4, 0, 0, 0, 0, 1, 0, 1, 0]: L1129: L1122 + L1128   : (-1152)C<0,0,2>^1.C<0,2,0>^1.C<2,0,0>^1 + (-320)C<0,0,2>^1.C<1,1,0>^2 + (-352)C<0,1,1>^1.C<1,0,1>^1.C<1,1,0>^1 + (-192)C<0,1,1>^2.C<2,0,0>^1 + (-320)C<0,2,0>^1.C<1,0,1>^2 + (12)C<2,0,0>^2
[4, 0, 0, 0, 2, 0, 0, 0, 0]: L1133: L1129 + L1132   : (-960)C<0,0,2>^1.C<0,2,0>^1.C<2,0,0>^1 + (-320)C<0,0,2>^1.C<1,1,0>^2 + (-352)C<0,1,1>^1.C<1,0,1>^1.C<1,1,0>^1 + (-192)C<0,1,1>^2.C<2,0,0>^1 + (-320)C<0,2,0>^1.C<1,0,1>^2 + (12)C<2,0,0>^2
[4, 0, 1, 0, 0, 0, 1, 0, 0]: L1145: L1133 + L1144   : (-768)C<0,0,2>^1.C<0,2,0>^1.C<2,0,0>^1 + (-320)C<0,0,2>^1.C<1,1,0>^2 + (-352)C<0,1,1>^1.C<1,0,1>^1.C<1,1,0>^1 + (-192)C<0,1,1>^2.C<2,0,0>^1 + (-224)C<0,2,0>^1.C<1,0,1>^2 + (12)C<2,0,0>^2
[4, 1, 0, 1, 0, 0, 0, 0, 0]: L1163: L1145 + L1162   : (-576)C<0,0,2>^1.C<0,2,0>^1.C<2,0,0>^1 + (-224)C<0,0,2>^1.C<1,1,0>^2 + (-352)C<0,1,1>^1.C<1,0,1>^1.C<1,1,0>^1 + (-192)C<0,1,1>^2.C<2,0,0>^1 + (-224)C<0,2,0>^1.C<1,0,1>^2 + (12)C<2,0,0>^2
[6, 0, 0, 0, 0, 0, 0, 0, 0]: L1167: L1163 + L1166   : (-512)C<0,0,2>^1.C<0,2,0>^1.C<2,0,0>^1 + (-224)C<0,0,2>^1.C<1,1,0>^2 + (-352)C<0,1,1>^1.C<1,0,1>^1.C<1,1,0>^1 + (-192)C<0,1,1>^2.C<2,0,0>^1 + (-224)C<0,2,0>^1.C<1,0,1>^2 + (12)C<2,0,0>^2
[5, 0, 0, 0, 0, 0, 0, 0, 0]: L1169: L1167 + L1168   : (-704)C<0,0,2>^1.C<0,2,0>^1.C<2,0,0>^1 + (-224)C<0,0,2>^1.C<1,1,0>^2 + (-352)C<0,1,1>^1.C<1,0,1>^1.C<1,1,0>^1 + (-192)C<0,1,1>^2.C<2,0,0>^1 + (-224)C<0,2,0>^1.C<1,0,1>^2 + (12)C<2,0,0>^2
[4, 0, 0, 0, 0, 0, 0, 0, 0]: L1171: L1169 + L1170   : (-1728)C<0,0,2>^1.C<0,2,0>^1.C<2,0,0>^1 + (-224)C<0,0,2>^1.C<1,1,0>^2 + (-352)C<0,1,1>^1.C<1,0,1>^1.C<1,1,0>^1 + (-192)C<0,1,1>^2.C<2,0,0>^1 + (-224)C<0,2,0>^1.C<1,0,1>^2 + (12)C<2,0,0>^2
[3, 0, 0, 0, 0, 0, 0, 0, 0]: L1173: L1171 + L1172   : (640)C<0,0,2>^1.C<0,2,0>^1.C<2,0,0>^1 + (-224)C<0,0,2>^1.C<1,1,0>^2 + (-352)C<0,1,1>^1.C<1,0,1>^1.C<1,1,0>^1 + (-192)C<0,1,1>^2.C<2,0,0>^1 + (-224)C<0,2,0>^1.C<1,0,1>^2 + (12)C<2,0,0>^2
[2, 0, 0, 0, 0, 0, 0, 0, 0]: L1175: L1173 + L1174   : (6528)C<0,0,2>^1.C<0,2,0>^1.C<2,0,0>^1 + (-224)C<0,0,2>^1.C<1,1,0>^2 + (-352)C<0,1,1>^1.C<1,0,1>^1.C<1,1,0>^1 + (-192)C<0,1,1>^2.C<2,0,0>^1 + (-224)C<0,2,0>^1.C<1,0,1>^2 + (12)C<2,0,0>^2
[1, 0, 0, 0, 0, 0, 0, 0, 0]: L1177: L1175 + L1176   : (-576)C<0,0,2>^1.C<0,2,0>^1.C<2,0,0>^1 + (-224)C<0,0,2>^1.C<1,1,0>^2 + (-352)C<0,1,1>^1.C<1,0,1>^1.C<1,1,0>^1 + (-192)C<0,1,1>^2.C<2,0,0>^1 + (-224)C<0,2,0>^1.C<1,0,1>^2 + (12)C<2,0,0>^2
[0, 0, 0, 0, 0, 0, 0, 0, 0]: L1180: L1177 + L1179   : (-12672)C<0,0,2>^1.C<0,2,0>^1.C<2,0,0>^1 + (-224)C<0,0,2>^1.C<1,1,0>^2 + (-352)C<0,1,1>^1.C<1,0,1>^1.C<1,1,0>^1 + (-192)C<0,1,1>^2.C<2,0,0>^1 + (-224)C<0,2,0>^1.C<1,0,1>^2 + (12)C<2,0,0>^2
SLP Res: 
L1180: L1177 + L1179   : (-12672)C<0,0,2>^1.C<0,2,0>^1.C<2,0,0>^1 + (-224)C<0,0,2>^1.C<1,1,0>^2 + (-352)C<0,1,1>^1.C<1,0,1>^1.C<1,1,0>^1 + (-192)C<0,1,1>^2.C<2,0,0>^1 + (-224)C<0,2,0>^1.C<1,0,1>^2 + (12)C<2,0,0>^2
test projections::tests::test_example_5_4_partially ... ok

test result: ok. 1 passed; 0 failed; 0 ignored; 0 measured; 23 filtered out; finished in 0.58s

